   0  $accept : Program $end

   1  Program : ClassList

   2  ClassList : ClassList ClassDef
   3            | ClassDef

   4  VariableDef : Variable ';'

   5  Variable : Type IDENTIFIER

   6  Type : INT
   7       | VOID
   8       | BOOL
   9       | STRING
  10       | COMPLEX
  11       | CLASS IDENTIFIER
  12       | Type '[' ']'

  13  ClassDef : CLASS IDENTIFIER ExtendsClause '{' FieldList '}'

  14  ExtendsClause : EXTENDS IDENTIFIER
  15                |

  16  FieldList : FieldList VariableDef
  17            | FieldList FunctionDef
  18            |

  19  Formals : VariableList
  20          |

  21  VariableList : VariableList ',' Variable
  22               | Variable

  23  FunctionDef : STATIC Type IDENTIFIER '(' Formals ')' StmtBlock
  24              | Type IDENTIFIER '(' Formals ')' StmtBlock

  25  StmtBlock : '{' StmtList '}'

  26  StmtList : StmtList Stmt
  27           |

  28  Stmt : VariableDef
  29       | SimpleStmt ';'
  30       | IfStmt
  31       | WhileStmt
  32       | ForStmt
  33       | ReturnStmt ';'
  34       | PrintStmt ';'
  35       | BreakStmt ';'
  36       | ContinueStmt ';'
  37       | PrintCompStmt ';'
  38       | RepeatStmt
  39       | SwitchStmt
  40       | StmtBlock

  41  SimpleStmt : LValue '=' Expr
  42             | Call
  43             |

  44  Receiver : Expr '.'
  45           |

  46  LValue : Receiver IDENTIFIER
  47         | Expr '[' Expr ']'

  48  Call : Receiver IDENTIFIER '(' Actuals ')'

  49  Expr : LValue
  50       | Call
  51       | Constant
  52       | Super
  53       | Cases
  54       | Expr '+' Expr
  55       | Expr '-' Expr
  56       | Expr '*' Expr
  57       | Expr '/' Expr
  58       | Expr '%' Expr
  59       | Expr EQUAL Expr
  60       | Expr NOT_EQUAL Expr
  61       | Expr '<' Expr
  62       | Expr '>' Expr
  63       | Expr LESS_EQUAL Expr
  64       | Expr GREATER_EQUAL Expr
  65       | Expr AND Expr
  66       | Expr OR Expr
  67       | '(' Expr ')'
  68       | '-' Expr
  69       | '!' Expr
  70       | READ_INTEGER '(' ')'
  71       | READ_LINE '(' ')'
  72       | THIS
  73       | NEW IDENTIFIER '(' ')'
  74       | NEW Type '[' Expr ']'
  75       | INSTANCEOF '(' Expr ',' IDENTIFIER ')'
  76       | '(' CLASS IDENTIFIER ')' Expr
  77       | Expr DOUBLELEFT Expr
  78       | Expr '?' Expr ':' Expr
  79       | DCOPY '(' Expr ')'
  80       | SCOPY '(' Expr ')'
  81       | RE Expr
  82       | IM Expr
  83       | COMPCAST Expr

  84  Constant : LITERAL
  85           | NULL

  86  Super : SUPER

  87  Actuals : ExprList
  88          |

  89  ExprList : ExprList ',' Expr
  90           | Expr

  91  WhileStmt : WHILE '(' Expr ')' Stmt

  92  ForStmt : FOR '(' SimpleStmt ';' Expr ';' SimpleStmt ')' Stmt

  93  BreakStmt : BREAK

  94  RepeatStmt : REPEAT Stmt UNTIL '(' Expr ')'

  95  ContinueStmt : CONTINUE

  96  Cases : CASE '(' Expr ')' '{' CaseStmtList DefaultStmt '}'

  97  CaseStmtList : CaseStmtList CaseStmt
  98               |

  99  CaseStmt : Constant ':' Expr ';'

 100  DefaultStmt : DEFAULT ':' Expr ';'

 101  IfStmt : IF '(' Expr ')' Stmt ElseClause

 102  ElseClause : ELSE Stmt
 103             |

 104  ReturnStmt : RETURN Expr
 105             | RETURN

 106  PrintStmt : PRINT '(' ExprList ')'

 107  PrintCompStmt : PRINTCOMP '(' ExprList ')'

state 0
	$accept : . Program $end  (0)

	CLASS  shift 1
	.  error

	Program  goto 2
	ClassList  goto 3
	ClassDef  goto 4


state 1
	ClassDef : CLASS . IDENTIFIER ExtendsClause '{' FieldList '}'  (13)

	IDENTIFIER  shift 5
	.  error


state 2
	$accept : Program . $end  (0)

	$end  accept


state 3
	Program : ClassList .  (1)
	ClassList : ClassList . ClassDef  (2)

	CLASS  shift 1
	$end  reduce 1

	ClassDef  goto 6


state 4
	ClassList : ClassDef .  (3)

	.  reduce 3


state 5
	ClassDef : CLASS IDENTIFIER . ExtendsClause '{' FieldList '}'  (13)
	ExtendsClause : .  (15)

	EXTENDS  shift 7
	'{'  reduce 15

	ExtendsClause  goto 8


state 6
	ClassList : ClassList ClassDef .  (2)

	.  reduce 2


state 7
	ExtendsClause : EXTENDS . IDENTIFIER  (14)

	IDENTIFIER  shift 9
	.  error


state 8
	ClassDef : CLASS IDENTIFIER ExtendsClause . '{' FieldList '}'  (13)

	'{'  shift 10
	.  error


state 9
	ExtendsClause : EXTENDS IDENTIFIER .  (14)

	.  reduce 14


state 10
	ClassDef : CLASS IDENTIFIER ExtendsClause '{' . FieldList '}'  (13)
	FieldList : .  (18)

	.  reduce 18

	FieldList  goto 11


state 11
	ClassDef : CLASS IDENTIFIER ExtendsClause '{' FieldList . '}'  (13)
	FieldList : FieldList . VariableDef  (16)
	FieldList : FieldList . FunctionDef  (17)

	VOID  shift 12
	BOOL  shift 13
	INT  shift 14
	STRING  shift 15
	CLASS  shift 16
	COMPLEX  shift 17
	STATIC  shift 18
	'}'  shift 19
	.  error

	VariableDef  goto 20
	Variable  goto 21
	Type  goto 22
	FunctionDef  goto 23


state 12
	Type : VOID .  (7)

	.  reduce 7


state 13
	Type : BOOL .  (8)

	.  reduce 8


state 14
	Type : INT .  (6)

	.  reduce 6


state 15
	Type : STRING .  (9)

	.  reduce 9


state 16
	Type : CLASS . IDENTIFIER  (11)

	IDENTIFIER  shift 24
	.  error


state 17
	Type : COMPLEX .  (10)

	.  reduce 10


state 18
	FunctionDef : STATIC . Type IDENTIFIER '(' Formals ')' StmtBlock  (23)

	VOID  shift 12
	BOOL  shift 13
	INT  shift 14
	STRING  shift 15
	CLASS  shift 16
	COMPLEX  shift 17
	.  error

	Type  goto 25


state 19
	ClassDef : CLASS IDENTIFIER ExtendsClause '{' FieldList '}' .  (13)

	.  reduce 13


state 20
	FieldList : FieldList VariableDef .  (16)

	.  reduce 16


state 21
	VariableDef : Variable . ';'  (4)

	';'  shift 26
	.  error


state 22
	Variable : Type . IDENTIFIER  (5)
	Type : Type . '[' ']'  (12)
	FunctionDef : Type . IDENTIFIER '(' Formals ')' StmtBlock  (24)

	IDENTIFIER  shift 27
	'['  shift 28
	.  error


state 23
	FieldList : FieldList FunctionDef .  (17)

	.  reduce 17


state 24
	Type : CLASS IDENTIFIER .  (11)

	.  reduce 11


state 25
	Type : Type . '[' ']'  (12)
	FunctionDef : STATIC Type . IDENTIFIER '(' Formals ')' StmtBlock  (23)

	IDENTIFIER  shift 29
	'['  shift 28
	.  error


state 26
	VariableDef : Variable ';' .  (4)

	.  reduce 4


state 27
	Variable : Type IDENTIFIER .  (5)
	FunctionDef : Type IDENTIFIER . '(' Formals ')' StmtBlock  (24)

	'('  shift 30
	';'  reduce 5


state 28
	Type : Type '[' . ']'  (12)

	']'  shift 31
	.  error


state 29
	FunctionDef : STATIC Type IDENTIFIER . '(' Formals ')' StmtBlock  (23)

	'('  shift 32
	.  error


state 30
	FunctionDef : Type IDENTIFIER '(' . Formals ')' StmtBlock  (24)
	Formals : .  (20)

	VOID  shift 12
	BOOL  shift 13
	INT  shift 14
	STRING  shift 15
	CLASS  shift 16
	COMPLEX  shift 17
	')'  reduce 20

	Variable  goto 33
	Type  goto 34
	Formals  goto 35
	VariableList  goto 36


state 31
	Type : Type '[' ']' .  (12)

	.  reduce 12


state 32
	FunctionDef : STATIC Type IDENTIFIER '(' . Formals ')' StmtBlock  (23)
	Formals : .  (20)

	VOID  shift 12
	BOOL  shift 13
	INT  shift 14
	STRING  shift 15
	CLASS  shift 16
	COMPLEX  shift 17
	')'  reduce 20

	Variable  goto 33
	Type  goto 34
	Formals  goto 37
	VariableList  goto 36


state 33
	VariableList : Variable .  (22)

	.  reduce 22


state 34
	Variable : Type . IDENTIFIER  (5)
	Type : Type . '[' ']'  (12)

	IDENTIFIER  shift 38
	'['  shift 28
	.  error


state 35
	FunctionDef : Type IDENTIFIER '(' Formals . ')' StmtBlock  (24)

	')'  shift 39
	.  error


state 36
	Formals : VariableList .  (19)
	VariableList : VariableList . ',' Variable  (21)

	','  shift 40
	')'  reduce 19


state 37
	FunctionDef : STATIC Type IDENTIFIER '(' Formals . ')' StmtBlock  (23)

	')'  shift 41
	.  error


state 38
	Variable : Type IDENTIFIER .  (5)

	.  reduce 5


state 39
	FunctionDef : Type IDENTIFIER '(' Formals ')' . StmtBlock  (24)

	'{'  shift 42
	.  error

	StmtBlock  goto 43


state 40
	VariableList : VariableList ',' . Variable  (21)

	VOID  shift 12
	BOOL  shift 13
	INT  shift 14
	STRING  shift 15
	CLASS  shift 16
	COMPLEX  shift 17
	.  error

	Variable  goto 44
	Type  goto 34


state 41
	FunctionDef : STATIC Type IDENTIFIER '(' Formals ')' . StmtBlock  (23)

	'{'  shift 42
	.  error

	StmtBlock  goto 45


state 42
	StmtBlock : '{' . StmtList '}'  (25)
	StmtList : .  (27)

	.  reduce 27

	StmtList  goto 46


state 43
	FunctionDef : Type IDENTIFIER '(' Formals ')' StmtBlock .  (24)

	.  reduce 24


state 44
	VariableList : VariableList ',' Variable .  (21)

	.  reduce 21


state 45
	FunctionDef : STATIC Type IDENTIFIER '(' Formals ')' StmtBlock .  (23)

	.  reduce 23


state 46
	StmtBlock : '{' StmtList . '}'  (25)
	StmtList : StmtList . Stmt  (26)
	SimpleStmt : .  (43)
	Receiver : .  (45)

	VOID  shift 12
	BOOL  shift 13
	INT  shift 14
	STRING  shift 15
	CLASS  shift 16
	COMPLEX  shift 17
	NULL  shift 47
	THIS  shift 48
	WHILE  shift 49
	FOR  shift 50
	IF  shift 51
	RETURN  shift 52
	BREAK  shift 53
	NEW  shift 54
	PRINT  shift 55
	READ_INTEGER  shift 56
	READ_LINE  shift 57
	LITERAL  shift 58
	INSTANCEOF  shift 59
	'-'  shift 60
	'!'  shift 61
	'('  shift 62
	'{'  shift 42
	'}'  shift 63
	CASE  shift 64
	REPEAT  shift 65
	CONTINUE  shift 66
	SUPER  shift 67
	DCOPY  shift 68
	SCOPY  shift 69
	RE  shift 70
	IM  shift 71
	SwitchStmt  shift 72
	COMPCAST  shift 73
	PRINTCOMP  shift 74
	IDENTIFIER  reduce 45
	';'  reduce 43

	VariableDef  goto 75
	Variable  goto 21
	Type  goto 34
	StmtBlock  goto 76
	Stmt  goto 77
	SimpleStmt  goto 78
	IfStmt  goto 79
	WhileStmt  goto 80
	ForStmt  goto 81
	ReturnStmt  goto 82
	PrintStmt  goto 83
	BreakStmt  goto 84
	ContinueStmt  goto 85
	PrintCompStmt  goto 86
	RepeatStmt  goto 87
	LValue  goto 88
	Expr  goto 89
	Call  goto 90
	Receiver  goto 91
	Constant  goto 92
	Super  goto 93
	Cases  goto 94


state 47
	Constant : NULL .  (85)

	.  reduce 85


state 48
	Expr : THIS .  (72)

	.  reduce 72


state 49
	WhileStmt : WHILE . '(' Expr ')' Stmt  (91)

	'('  shift 95
	.  error


state 50
	ForStmt : FOR . '(' SimpleStmt ';' Expr ';' SimpleStmt ')' Stmt  (92)

	'('  shift 96
	.  error


state 51
	IfStmt : IF . '(' Expr ')' Stmt ElseClause  (101)

	'('  shift 97
	.  error


state 52
	ReturnStmt : RETURN . Expr  (104)
	ReturnStmt : RETURN .  (105)
	Receiver : .  (45)

	NULL  shift 47
	THIS  shift 48
	NEW  shift 54
	READ_INTEGER  shift 56
	READ_LINE  shift 57
	LITERAL  shift 58
	INSTANCEOF  shift 59
	'-'  shift 60
	'!'  shift 61
	'('  shift 62
	CASE  shift 64
	SUPER  shift 67
	DCOPY  shift 68
	SCOPY  shift 69
	RE  shift 70
	IM  shift 71
	COMPCAST  shift 73
	IDENTIFIER  reduce 45
	';'  reduce 105

	LValue  goto 98
	Expr  goto 99
	Call  goto 100
	Receiver  goto 91
	Constant  goto 92
	Super  goto 93
	Cases  goto 94


state 53
	BreakStmt : BREAK .  (93)

	.  reduce 93


state 54
	Expr : NEW . IDENTIFIER '(' ')'  (73)
	Expr : NEW . Type '[' Expr ']'  (74)

	VOID  shift 12
	BOOL  shift 13
	INT  shift 14
	STRING  shift 15
	CLASS  shift 16
	COMPLEX  shift 17
	IDENTIFIER  shift 101
	.  error

	Type  goto 102


state 55
	PrintStmt : PRINT . '(' ExprList ')'  (106)

	'('  shift 103
	.  error


state 56
	Expr : READ_INTEGER . '(' ')'  (70)

	'('  shift 104
	.  error


state 57
	Expr : READ_LINE . '(' ')'  (71)

	'('  shift 105
	.  error


state 58
	Constant : LITERAL .  (84)

	.  reduce 84


state 59
	Expr : INSTANCEOF . '(' Expr ',' IDENTIFIER ')'  (75)

	'('  shift 106
	.  error


state 60
	Expr : '-' . Expr  (68)
	Receiver : .  (45)

	NULL  shift 47
	THIS  shift 48
	NEW  shift 54
	READ_INTEGER  shift 56
	READ_LINE  shift 57
	LITERAL  shift 58
	INSTANCEOF  shift 59
	'-'  shift 60
	'!'  shift 61
	'('  shift 62
	CASE  shift 64
	SUPER  shift 67
	DCOPY  shift 68
	SCOPY  shift 69
	RE  shift 70
	IM  shift 71
	COMPCAST  shift 73
	IDENTIFIER  reduce 45

	LValue  goto 98
	Expr  goto 107
	Call  goto 100
	Receiver  goto 91
	Constant  goto 92
	Super  goto 93
	Cases  goto 94


state 61
	Expr : '!' . Expr  (69)
	Receiver : .  (45)

	NULL  shift 47
	THIS  shift 48
	NEW  shift 54
	READ_INTEGER  shift 56
	READ_LINE  shift 57
	LITERAL  shift 58
	INSTANCEOF  shift 59
	'-'  shift 60
	'!'  shift 61
	'('  shift 62
	CASE  shift 64
	SUPER  shift 67
	DCOPY  shift 68
	SCOPY  shift 69
	RE  shift 70
	IM  shift 71
	COMPCAST  shift 73
	IDENTIFIER  reduce 45

	LValue  goto 98
	Expr  goto 108
	Call  goto 100
	Receiver  goto 91
	Constant  goto 92
	Super  goto 93
	Cases  goto 94


state 62
	Expr : '(' . Expr ')'  (67)
	Expr : '(' . CLASS IDENTIFIER ')' Expr  (76)
	Receiver : .  (45)

	CLASS  shift 109
	NULL  shift 47
	THIS  shift 48
	NEW  shift 54
	READ_INTEGER  shift 56
	READ_LINE  shift 57
	LITERAL  shift 58
	INSTANCEOF  shift 59
	'-'  shift 60
	'!'  shift 61
	'('  shift 62
	CASE  shift 64
	SUPER  shift 67
	DCOPY  shift 68
	SCOPY  shift 69
	RE  shift 70
	IM  shift 71
	COMPCAST  shift 73
	IDENTIFIER  reduce 45

	LValue  goto 98
	Expr  goto 110
	Call  goto 100
	Receiver  goto 91
	Constant  goto 92
	Super  goto 93
	Cases  goto 94


state 63
	StmtBlock : '{' StmtList '}' .  (25)

	.  reduce 25


state 64
	Cases : CASE . '(' Expr ')' '{' CaseStmtList DefaultStmt '}'  (96)

	'('  shift 111
	.  error


state 65
	RepeatStmt : REPEAT . Stmt UNTIL '(' Expr ')'  (94)
	SimpleStmt : .  (43)
	Receiver : .  (45)

	VOID  shift 12
	BOOL  shift 13
	INT  shift 14
	STRING  shift 15
	CLASS  shift 16
	COMPLEX  shift 17
	NULL  shift 47
	THIS  shift 48
	WHILE  shift 49
	FOR  shift 50
	IF  shift 51
	RETURN  shift 52
	BREAK  shift 53
	NEW  shift 54
	PRINT  shift 55
	READ_INTEGER  shift 56
	READ_LINE  shift 57
	LITERAL  shift 58
	INSTANCEOF  shift 59
	'-'  shift 60
	'!'  shift 61
	'('  shift 62
	'{'  shift 42
	CASE  shift 64
	REPEAT  shift 65
	CONTINUE  shift 66
	SUPER  shift 67
	DCOPY  shift 68
	SCOPY  shift 69
	RE  shift 70
	IM  shift 71
	SwitchStmt  shift 72
	COMPCAST  shift 73
	PRINTCOMP  shift 74
	IDENTIFIER  reduce 45
	';'  reduce 43

	VariableDef  goto 75
	Variable  goto 21
	Type  goto 34
	StmtBlock  goto 76
	Stmt  goto 112
	SimpleStmt  goto 78
	IfStmt  goto 79
	WhileStmt  goto 80
	ForStmt  goto 81
	ReturnStmt  goto 82
	PrintStmt  goto 83
	BreakStmt  goto 84
	ContinueStmt  goto 85
	PrintCompStmt  goto 86
	RepeatStmt  goto 87
	LValue  goto 88
	Expr  goto 89
	Call  goto 90
	Receiver  goto 91
	Constant  goto 92
	Super  goto 93
	Cases  goto 94


state 66
	ContinueStmt : CONTINUE .  (95)

	.  reduce 95


state 67
	Super : SUPER .  (86)

	.  reduce 86


state 68
	Expr : DCOPY . '(' Expr ')'  (79)

	'('  shift 113
	.  error


state 69
	Expr : SCOPY . '(' Expr ')'  (80)

	'('  shift 114
	.  error


state 70
	Expr : RE . Expr  (81)
	Receiver : .  (45)

	NULL  shift 47
	THIS  shift 48
	NEW  shift 54
	READ_INTEGER  shift 56
	READ_LINE  shift 57
	LITERAL  shift 58
	INSTANCEOF  shift 59
	'-'  shift 60
	'!'  shift 61
	'('  shift 62
	CASE  shift 64
	SUPER  shift 67
	DCOPY  shift 68
	SCOPY  shift 69
	RE  shift 70
	IM  shift 71
	COMPCAST  shift 73
	IDENTIFIER  reduce 45

	LValue  goto 98
	Expr  goto 115
	Call  goto 100
	Receiver  goto 91
	Constant  goto 92
	Super  goto 93
	Cases  goto 94


state 71
	Expr : IM . Expr  (82)
	Receiver : .  (45)

	NULL  shift 47
	THIS  shift 48
	NEW  shift 54
	READ_INTEGER  shift 56
	READ_LINE  shift 57
	LITERAL  shift 58
	INSTANCEOF  shift 59
	'-'  shift 60
	'!'  shift 61
	'('  shift 62
	CASE  shift 64
	SUPER  shift 67
	DCOPY  shift 68
	SCOPY  shift 69
	RE  shift 70
	IM  shift 71
	COMPCAST  shift 73
	IDENTIFIER  reduce 45

	LValue  goto 98
	Expr  goto 116
	Call  goto 100
	Receiver  goto 91
	Constant  goto 92
	Super  goto 93
	Cases  goto 94


state 72
	Stmt : SwitchStmt .  (39)

	.  reduce 39


state 73
	Expr : COMPCAST . Expr  (83)
	Receiver : .  (45)

	NULL  shift 47
	THIS  shift 48
	NEW  shift 54
	READ_INTEGER  shift 56
	READ_LINE  shift 57
	LITERAL  shift 58
	INSTANCEOF  shift 59
	'-'  shift 60
	'!'  shift 61
	'('  shift 62
	CASE  shift 64
	SUPER  shift 67
	DCOPY  shift 68
	SCOPY  shift 69
	RE  shift 70
	IM  shift 71
	COMPCAST  shift 73
	IDENTIFIER  reduce 45

	LValue  goto 98
	Expr  goto 117
	Call  goto 100
	Receiver  goto 91
	Constant  goto 92
	Super  goto 93
	Cases  goto 94


state 74
	PrintCompStmt : PRINTCOMP . '(' ExprList ')'  (107)

	'('  shift 118
	.  error


state 75
	Stmt : VariableDef .  (28)

	.  reduce 28


state 76
	Stmt : StmtBlock .  (40)

	.  reduce 40


state 77
	StmtList : StmtList Stmt .  (26)

	.  reduce 26


state 78
	Stmt : SimpleStmt . ';'  (29)

	';'  shift 119
	.  error


state 79
	Stmt : IfStmt .  (30)

	.  reduce 30


state 80
	Stmt : WhileStmt .  (31)

	.  reduce 31


state 81
	Stmt : ForStmt .  (32)

	.  reduce 32


state 82
	Stmt : ReturnStmt . ';'  (33)

	';'  shift 120
	.  error


state 83
	Stmt : PrintStmt . ';'  (34)

	';'  shift 121
	.  error


state 84
	Stmt : BreakStmt . ';'  (35)

	';'  shift 122
	.  error


state 85
	Stmt : ContinueStmt . ';'  (36)

	';'  shift 123
	.  error


state 86
	Stmt : PrintCompStmt . ';'  (37)

	';'  shift 124
	.  error


state 87
	Stmt : RepeatStmt .  (38)

	.  reduce 38


state 88
	SimpleStmt : LValue . '=' Expr  (41)
	Expr : LValue .  (49)

	'='  shift 125
	AND  reduce 49
	OR  reduce 49
	LESS_EQUAL  reduce 49
	GREATER_EQUAL  reduce 49
	EQUAL  reduce 49
	NOT_EQUAL  reduce 49
	'+'  reduce 49
	'-'  reduce 49
	'*'  reduce 49
	'/'  reduce 49
	'%'  reduce 49
	'>'  reduce 49
	'<'  reduce 49
	'.'  reduce 49
	'['  reduce 49
	'?'  reduce 49
	DOUBLELEFT  reduce 49


state 89
	Receiver : Expr . '.'  (44)
	LValue : Expr . '[' Expr ']'  (47)
	Expr : Expr . '+' Expr  (54)
	Expr : Expr . '-' Expr  (55)
	Expr : Expr . '*' Expr  (56)
	Expr : Expr . '/' Expr  (57)
	Expr : Expr . '%' Expr  (58)
	Expr : Expr . EQUAL Expr  (59)
	Expr : Expr . NOT_EQUAL Expr  (60)
	Expr : Expr . '<' Expr  (61)
	Expr : Expr . '>' Expr  (62)
	Expr : Expr . LESS_EQUAL Expr  (63)
	Expr : Expr . GREATER_EQUAL Expr  (64)
	Expr : Expr . AND Expr  (65)
	Expr : Expr . OR Expr  (66)
	Expr : Expr . DOUBLELEFT Expr  (77)
	Expr : Expr . '?' Expr ':' Expr  (78)

	AND  shift 126
	OR  shift 127
	LESS_EQUAL  shift 128
	GREATER_EQUAL  shift 129
	EQUAL  shift 130
	NOT_EQUAL  shift 131
	'+'  shift 132
	'-'  shift 133
	'*'  shift 134
	'/'  shift 135
	'%'  shift 136
	'>'  shift 137
	'<'  shift 138
	'.'  shift 139
	'['  shift 140
	'?'  shift 141
	DOUBLELEFT  shift 142
	.  error


state 90
	SimpleStmt : Call .  (42)
	Expr : Call .  (50)

	AND  reduce 50
	OR  reduce 50
	LESS_EQUAL  reduce 50
	GREATER_EQUAL  reduce 50
	EQUAL  reduce 50
	NOT_EQUAL  reduce 50
	'+'  reduce 50
	'-'  reduce 50
	'*'  reduce 50
	'/'  reduce 50
	'%'  reduce 50
	'>'  reduce 50
	'<'  reduce 50
	'.'  reduce 50
	';'  reduce 42
	')'  reduce 42
	'['  reduce 50
	'?'  reduce 50
	DOUBLELEFT  reduce 50


state 91
	LValue : Receiver . IDENTIFIER  (46)
	Call : Receiver . IDENTIFIER '(' Actuals ')'  (48)

	IDENTIFIER  shift 143
	.  error


state 92
	Expr : Constant .  (51)

	.  reduce 51


state 93
	Expr : Super .  (52)

	.  reduce 52


state 94
	Expr : Cases .  (53)

	.  reduce 53


state 95
	WhileStmt : WHILE '(' . Expr ')' Stmt  (91)
	Receiver : .  (45)

	NULL  shift 47
	THIS  shift 48
	NEW  shift 54
	READ_INTEGER  shift 56
	READ_LINE  shift 57
	LITERAL  shift 58
	INSTANCEOF  shift 59
	'-'  shift 60
	'!'  shift 61
	'('  shift 62
	CASE  shift 64
	SUPER  shift 67
	DCOPY  shift 68
	SCOPY  shift 69
	RE  shift 70
	IM  shift 71
	COMPCAST  shift 73
	IDENTIFIER  reduce 45

	LValue  goto 98
	Expr  goto 144
	Call  goto 100
	Receiver  goto 91
	Constant  goto 92
	Super  goto 93
	Cases  goto 94


state 96
	ForStmt : FOR '(' . SimpleStmt ';' Expr ';' SimpleStmt ')' Stmt  (92)
	SimpleStmt : .  (43)
	Receiver : .  (45)

	NULL  shift 47
	THIS  shift 48
	NEW  shift 54
	READ_INTEGER  shift 56
	READ_LINE  shift 57
	LITERAL  shift 58
	INSTANCEOF  shift 59
	'-'  shift 60
	'!'  shift 61
	'('  shift 62
	CASE  shift 64
	SUPER  shift 67
	DCOPY  shift 68
	SCOPY  shift 69
	RE  shift 70
	IM  shift 71
	COMPCAST  shift 73
	IDENTIFIER  reduce 45
	';'  reduce 43

	SimpleStmt  goto 145
	LValue  goto 88
	Expr  goto 89
	Call  goto 90
	Receiver  goto 91
	Constant  goto 92
	Super  goto 93
	Cases  goto 94


state 97
	IfStmt : IF '(' . Expr ')' Stmt ElseClause  (101)
	Receiver : .  (45)

	NULL  shift 47
	THIS  shift 48
	NEW  shift 54
	READ_INTEGER  shift 56
	READ_LINE  shift 57
	LITERAL  shift 58
	INSTANCEOF  shift 59
	'-'  shift 60
	'!'  shift 61
	'('  shift 62
	CASE  shift 64
	SUPER  shift 67
	DCOPY  shift 68
	SCOPY  shift 69
	RE  shift 70
	IM  shift 71
	COMPCAST  shift 73
	IDENTIFIER  reduce 45

	LValue  goto 98
	Expr  goto 146
	Call  goto 100
	Receiver  goto 91
	Constant  goto 92
	Super  goto 93
	Cases  goto 94


state 98
	Expr : LValue .  (49)

	.  reduce 49


state 99
	Receiver : Expr . '.'  (44)
	LValue : Expr . '[' Expr ']'  (47)
	Expr : Expr . '+' Expr  (54)
	Expr : Expr . '-' Expr  (55)
	Expr : Expr . '*' Expr  (56)
	Expr : Expr . '/' Expr  (57)
	Expr : Expr . '%' Expr  (58)
	Expr : Expr . EQUAL Expr  (59)
	Expr : Expr . NOT_EQUAL Expr  (60)
	Expr : Expr . '<' Expr  (61)
	Expr : Expr . '>' Expr  (62)
	Expr : Expr . LESS_EQUAL Expr  (63)
	Expr : Expr . GREATER_EQUAL Expr  (64)
	Expr : Expr . AND Expr  (65)
	Expr : Expr . OR Expr  (66)
	Expr : Expr . DOUBLELEFT Expr  (77)
	Expr : Expr . '?' Expr ':' Expr  (78)
	ReturnStmt : RETURN Expr .  (104)

	AND  shift 126
	OR  shift 127
	LESS_EQUAL  shift 128
	GREATER_EQUAL  shift 129
	EQUAL  shift 130
	NOT_EQUAL  shift 131
	'+'  shift 132
	'-'  shift 133
	'*'  shift 134
	'/'  shift 135
	'%'  shift 136
	'>'  shift 137
	'<'  shift 138
	'.'  shift 139
	'['  shift 140
	'?'  shift 141
	DOUBLELEFT  shift 142
	';'  reduce 104


state 100
	Expr : Call .  (50)

	.  reduce 50


state 101
	Expr : NEW IDENTIFIER . '(' ')'  (73)

	'('  shift 147
	.  error


state 102
	Type : Type . '[' ']'  (12)
	Expr : NEW Type . '[' Expr ']'  (74)

	'['  shift 148
	.  error


state 103
	PrintStmt : PRINT '(' . ExprList ')'  (106)
	Receiver : .  (45)

	NULL  shift 47
	THIS  shift 48
	NEW  shift 54
	READ_INTEGER  shift 56
	READ_LINE  shift 57
	LITERAL  shift 58
	INSTANCEOF  shift 59
	'-'  shift 60
	'!'  shift 61
	'('  shift 62
	CASE  shift 64
	SUPER  shift 67
	DCOPY  shift 68
	SCOPY  shift 69
	RE  shift 70
	IM  shift 71
	COMPCAST  shift 73
	IDENTIFIER  reduce 45

	LValue  goto 98
	Expr  goto 149
	Call  goto 100
	Receiver  goto 91
	Constant  goto 92
	Super  goto 93
	Cases  goto 94
	ExprList  goto 150


state 104
	Expr : READ_INTEGER '(' . ')'  (70)

	')'  shift 151
	.  error


state 105
	Expr : READ_LINE '(' . ')'  (71)

	')'  shift 152
	.  error


state 106
	Expr : INSTANCEOF '(' . Expr ',' IDENTIFIER ')'  (75)
	Receiver : .  (45)

	NULL  shift 47
	THIS  shift 48
	NEW  shift 54
	READ_INTEGER  shift 56
	READ_LINE  shift 57
	LITERAL  shift 58
	INSTANCEOF  shift 59
	'-'  shift 60
	'!'  shift 61
	'('  shift 62
	CASE  shift 64
	SUPER  shift 67
	DCOPY  shift 68
	SCOPY  shift 69
	RE  shift 70
	IM  shift 71
	COMPCAST  shift 73
	IDENTIFIER  reduce 45

	LValue  goto 98
	Expr  goto 153
	Call  goto 100
	Receiver  goto 91
	Constant  goto 92
	Super  goto 93
	Cases  goto 94


state 107
	Receiver : Expr . '.'  (44)
	LValue : Expr . '[' Expr ']'  (47)
	Expr : Expr . '+' Expr  (54)
	Expr : Expr . '-' Expr  (55)
	Expr : Expr . '*' Expr  (56)
	Expr : Expr . '/' Expr  (57)
	Expr : Expr . '%' Expr  (58)
	Expr : Expr . EQUAL Expr  (59)
	Expr : Expr . NOT_EQUAL Expr  (60)
	Expr : Expr . '<' Expr  (61)
	Expr : Expr . '>' Expr  (62)
	Expr : Expr . LESS_EQUAL Expr  (63)
	Expr : Expr . GREATER_EQUAL Expr  (64)
	Expr : Expr . AND Expr  (65)
	Expr : Expr . OR Expr  (66)
	Expr : '-' Expr .  (68)
	Expr : Expr . DOUBLELEFT Expr  (77)
	Expr : Expr . '?' Expr ':' Expr  (78)

	'.'  shift 139
	'['  shift 140
	AND  reduce 68
	OR  reduce 68
	LESS_EQUAL  reduce 68
	GREATER_EQUAL  reduce 68
	EQUAL  reduce 68
	NOT_EQUAL  reduce 68
	'+'  reduce 68
	'-'  reduce 68
	'*'  reduce 68
	'/'  reduce 68
	'%'  reduce 68
	'>'  reduce 68
	'<'  reduce 68
	','  reduce 68
	';'  reduce 68
	')'  reduce 68
	']'  reduce 68
	'?'  reduce 68
	':'  reduce 68
	DOUBLELEFT  reduce 68


state 108
	Receiver : Expr . '.'  (44)
	LValue : Expr . '[' Expr ']'  (47)
	Expr : Expr . '+' Expr  (54)
	Expr : Expr . '-' Expr  (55)
	Expr : Expr . '*' Expr  (56)
	Expr : Expr . '/' Expr  (57)
	Expr : Expr . '%' Expr  (58)
	Expr : Expr . EQUAL Expr  (59)
	Expr : Expr . NOT_EQUAL Expr  (60)
	Expr : Expr . '<' Expr  (61)
	Expr : Expr . '>' Expr  (62)
	Expr : Expr . LESS_EQUAL Expr  (63)
	Expr : Expr . GREATER_EQUAL Expr  (64)
	Expr : Expr . AND Expr  (65)
	Expr : Expr . OR Expr  (66)
	Expr : '!' Expr .  (69)
	Expr : Expr . DOUBLELEFT Expr  (77)
	Expr : Expr . '?' Expr ':' Expr  (78)

	'.'  shift 139
	'['  shift 140
	AND  reduce 69
	OR  reduce 69
	LESS_EQUAL  reduce 69
	GREATER_EQUAL  reduce 69
	EQUAL  reduce 69
	NOT_EQUAL  reduce 69
	'+'  reduce 69
	'-'  reduce 69
	'*'  reduce 69
	'/'  reduce 69
	'%'  reduce 69
	'>'  reduce 69
	'<'  reduce 69
	','  reduce 69
	';'  reduce 69
	')'  reduce 69
	']'  reduce 69
	'?'  reduce 69
	':'  reduce 69
	DOUBLELEFT  reduce 69


state 109
	Expr : '(' CLASS . IDENTIFIER ')' Expr  (76)

	IDENTIFIER  shift 154
	.  error


state 110
	Receiver : Expr . '.'  (44)
	LValue : Expr . '[' Expr ']'  (47)
	Expr : Expr . '+' Expr  (54)
	Expr : Expr . '-' Expr  (55)
	Expr : Expr . '*' Expr  (56)
	Expr : Expr . '/' Expr  (57)
	Expr : Expr . '%' Expr  (58)
	Expr : Expr . EQUAL Expr  (59)
	Expr : Expr . NOT_EQUAL Expr  (60)
	Expr : Expr . '<' Expr  (61)
	Expr : Expr . '>' Expr  (62)
	Expr : Expr . LESS_EQUAL Expr  (63)
	Expr : Expr . GREATER_EQUAL Expr  (64)
	Expr : Expr . AND Expr  (65)
	Expr : Expr . OR Expr  (66)
	Expr : '(' Expr . ')'  (67)
	Expr : Expr . DOUBLELEFT Expr  (77)
	Expr : Expr . '?' Expr ':' Expr  (78)

	AND  shift 126
	OR  shift 127
	LESS_EQUAL  shift 128
	GREATER_EQUAL  shift 129
	EQUAL  shift 130
	NOT_EQUAL  shift 131
	'+'  shift 132
	'-'  shift 133
	'*'  shift 134
	'/'  shift 135
	'%'  shift 136
	'>'  shift 137
	'<'  shift 138
	'.'  shift 139
	')'  shift 155
	'['  shift 140
	'?'  shift 141
	DOUBLELEFT  shift 142
	.  error


state 111
	Cases : CASE '(' . Expr ')' '{' CaseStmtList DefaultStmt '}'  (96)
	Receiver : .  (45)

	NULL  shift 47
	THIS  shift 48
	NEW  shift 54
	READ_INTEGER  shift 56
	READ_LINE  shift 57
	LITERAL  shift 58
	INSTANCEOF  shift 59
	'-'  shift 60
	'!'  shift 61
	'('  shift 62
	CASE  shift 64
	SUPER  shift 67
	DCOPY  shift 68
	SCOPY  shift 69
	RE  shift 70
	IM  shift 71
	COMPCAST  shift 73
	IDENTIFIER  reduce 45

	LValue  goto 98
	Expr  goto 156
	Call  goto 100
	Receiver  goto 91
	Constant  goto 92
	Super  goto 93
	Cases  goto 94


state 112
	RepeatStmt : REPEAT Stmt . UNTIL '(' Expr ')'  (94)

	UNTIL  shift 157
	.  error


state 113
	Expr : DCOPY '(' . Expr ')'  (79)
	Receiver : .  (45)

	NULL  shift 47
	THIS  shift 48
	NEW  shift 54
	READ_INTEGER  shift 56
	READ_LINE  shift 57
	LITERAL  shift 58
	INSTANCEOF  shift 59
	'-'  shift 60
	'!'  shift 61
	'('  shift 62
	CASE  shift 64
	SUPER  shift 67
	DCOPY  shift 68
	SCOPY  shift 69
	RE  shift 70
	IM  shift 71
	COMPCAST  shift 73
	IDENTIFIER  reduce 45

	LValue  goto 98
	Expr  goto 158
	Call  goto 100
	Receiver  goto 91
	Constant  goto 92
	Super  goto 93
	Cases  goto 94


state 114
	Expr : SCOPY '(' . Expr ')'  (80)
	Receiver : .  (45)

	NULL  shift 47
	THIS  shift 48
	NEW  shift 54
	READ_INTEGER  shift 56
	READ_LINE  shift 57
	LITERAL  shift 58
	INSTANCEOF  shift 59
	'-'  shift 60
	'!'  shift 61
	'('  shift 62
	CASE  shift 64
	SUPER  shift 67
	DCOPY  shift 68
	SCOPY  shift 69
	RE  shift 70
	IM  shift 71
	COMPCAST  shift 73
	IDENTIFIER  reduce 45

	LValue  goto 98
	Expr  goto 159
	Call  goto 100
	Receiver  goto 91
	Constant  goto 92
	Super  goto 93
	Cases  goto 94


115: shift/reduce conflict (shift 126, reduce 81) on AND
115: shift/reduce conflict (shift 127, reduce 81) on OR
115: shift/reduce conflict (shift 128, reduce 81) on LESS_EQUAL
115: shift/reduce conflict (shift 129, reduce 81) on GREATER_EQUAL
115: shift/reduce conflict (shift 130, reduce 81) on EQUAL
115: shift/reduce conflict (shift 131, reduce 81) on NOT_EQUAL
115: shift/reduce conflict (shift 132, reduce 81) on '+'
115: shift/reduce conflict (shift 133, reduce 81) on '-'
115: shift/reduce conflict (shift 134, reduce 81) on '*'
115: shift/reduce conflict (shift 135, reduce 81) on '/'
115: shift/reduce conflict (shift 136, reduce 81) on '%'
115: shift/reduce conflict (shift 137, reduce 81) on '>'
115: shift/reduce conflict (shift 138, reduce 81) on '<'
115: shift/reduce conflict (shift 139, reduce 81) on '.'
115: shift/reduce conflict (shift 140, reduce 81) on '['
115: shift/reduce conflict (shift 141, reduce 81) on '?'
115: shift/reduce conflict (shift 142, reduce 81) on DOUBLELEFT
state 115
	Receiver : Expr . '.'  (44)
	LValue : Expr . '[' Expr ']'  (47)
	Expr : Expr . '+' Expr  (54)
	Expr : Expr . '-' Expr  (55)
	Expr : Expr . '*' Expr  (56)
	Expr : Expr . '/' Expr  (57)
	Expr : Expr . '%' Expr  (58)
	Expr : Expr . EQUAL Expr  (59)
	Expr : Expr . NOT_EQUAL Expr  (60)
	Expr : Expr . '<' Expr  (61)
	Expr : Expr . '>' Expr  (62)
	Expr : Expr . LESS_EQUAL Expr  (63)
	Expr : Expr . GREATER_EQUAL Expr  (64)
	Expr : Expr . AND Expr  (65)
	Expr : Expr . OR Expr  (66)
	Expr : Expr . DOUBLELEFT Expr  (77)
	Expr : Expr . '?' Expr ':' Expr  (78)
	Expr : RE Expr .  (81)

	AND  shift 126
	OR  shift 127
	LESS_EQUAL  shift 128
	GREATER_EQUAL  shift 129
	EQUAL  shift 130
	NOT_EQUAL  shift 131
	'+'  shift 132
	'-'  shift 133
	'*'  shift 134
	'/'  shift 135
	'%'  shift 136
	'>'  shift 137
	'<'  shift 138
	'.'  shift 139
	'['  shift 140
	'?'  shift 141
	DOUBLELEFT  shift 142
	','  reduce 81
	';'  reduce 81
	')'  reduce 81
	']'  reduce 81
	':'  reduce 81


116: shift/reduce conflict (shift 126, reduce 82) on AND
116: shift/reduce conflict (shift 127, reduce 82) on OR
116: shift/reduce conflict (shift 128, reduce 82) on LESS_EQUAL
116: shift/reduce conflict (shift 129, reduce 82) on GREATER_EQUAL
116: shift/reduce conflict (shift 130, reduce 82) on EQUAL
116: shift/reduce conflict (shift 131, reduce 82) on NOT_EQUAL
116: shift/reduce conflict (shift 132, reduce 82) on '+'
116: shift/reduce conflict (shift 133, reduce 82) on '-'
116: shift/reduce conflict (shift 134, reduce 82) on '*'
116: shift/reduce conflict (shift 135, reduce 82) on '/'
116: shift/reduce conflict (shift 136, reduce 82) on '%'
116: shift/reduce conflict (shift 137, reduce 82) on '>'
116: shift/reduce conflict (shift 138, reduce 82) on '<'
116: shift/reduce conflict (shift 139, reduce 82) on '.'
116: shift/reduce conflict (shift 140, reduce 82) on '['
116: shift/reduce conflict (shift 141, reduce 82) on '?'
116: shift/reduce conflict (shift 142, reduce 82) on DOUBLELEFT
state 116
	Receiver : Expr . '.'  (44)
	LValue : Expr . '[' Expr ']'  (47)
	Expr : Expr . '+' Expr  (54)
	Expr : Expr . '-' Expr  (55)
	Expr : Expr . '*' Expr  (56)
	Expr : Expr . '/' Expr  (57)
	Expr : Expr . '%' Expr  (58)
	Expr : Expr . EQUAL Expr  (59)
	Expr : Expr . NOT_EQUAL Expr  (60)
	Expr : Expr . '<' Expr  (61)
	Expr : Expr . '>' Expr  (62)
	Expr : Expr . LESS_EQUAL Expr  (63)
	Expr : Expr . GREATER_EQUAL Expr  (64)
	Expr : Expr . AND Expr  (65)
	Expr : Expr . OR Expr  (66)
	Expr : Expr . DOUBLELEFT Expr  (77)
	Expr : Expr . '?' Expr ':' Expr  (78)
	Expr : IM Expr .  (82)

	AND  shift 126
	OR  shift 127
	LESS_EQUAL  shift 128
	GREATER_EQUAL  shift 129
	EQUAL  shift 130
	NOT_EQUAL  shift 131
	'+'  shift 132
	'-'  shift 133
	'*'  shift 134
	'/'  shift 135
	'%'  shift 136
	'>'  shift 137
	'<'  shift 138
	'.'  shift 139
	'['  shift 140
	'?'  shift 141
	DOUBLELEFT  shift 142
	','  reduce 82
	';'  reduce 82
	')'  reduce 82
	']'  reduce 82
	':'  reduce 82


117: shift/reduce conflict (shift 126, reduce 83) on AND
117: shift/reduce conflict (shift 127, reduce 83) on OR
117: shift/reduce conflict (shift 128, reduce 83) on LESS_EQUAL
117: shift/reduce conflict (shift 129, reduce 83) on GREATER_EQUAL
117: shift/reduce conflict (shift 130, reduce 83) on EQUAL
117: shift/reduce conflict (shift 131, reduce 83) on NOT_EQUAL
117: shift/reduce conflict (shift 132, reduce 83) on '+'
117: shift/reduce conflict (shift 133, reduce 83) on '-'
117: shift/reduce conflict (shift 134, reduce 83) on '*'
117: shift/reduce conflict (shift 135, reduce 83) on '/'
117: shift/reduce conflict (shift 136, reduce 83) on '%'
117: shift/reduce conflict (shift 137, reduce 83) on '>'
117: shift/reduce conflict (shift 138, reduce 83) on '<'
117: shift/reduce conflict (shift 139, reduce 83) on '.'
117: shift/reduce conflict (shift 140, reduce 83) on '['
117: shift/reduce conflict (shift 141, reduce 83) on '?'
117: shift/reduce conflict (shift 142, reduce 83) on DOUBLELEFT
state 117
	Receiver : Expr . '.'  (44)
	LValue : Expr . '[' Expr ']'  (47)
	Expr : Expr . '+' Expr  (54)
	Expr : Expr . '-' Expr  (55)
	Expr : Expr . '*' Expr  (56)
	Expr : Expr . '/' Expr  (57)
	Expr : Expr . '%' Expr  (58)
	Expr : Expr . EQUAL Expr  (59)
	Expr : Expr . NOT_EQUAL Expr  (60)
	Expr : Expr . '<' Expr  (61)
	Expr : Expr . '>' Expr  (62)
	Expr : Expr . LESS_EQUAL Expr  (63)
	Expr : Expr . GREATER_EQUAL Expr  (64)
	Expr : Expr . AND Expr  (65)
	Expr : Expr . OR Expr  (66)
	Expr : Expr . DOUBLELEFT Expr  (77)
	Expr : Expr . '?' Expr ':' Expr  (78)
	Expr : COMPCAST Expr .  (83)

	AND  shift 126
	OR  shift 127
	LESS_EQUAL  shift 128
	GREATER_EQUAL  shift 129
	EQUAL  shift 130
	NOT_EQUAL  shift 131
	'+'  shift 132
	'-'  shift 133
	'*'  shift 134
	'/'  shift 135
	'%'  shift 136
	'>'  shift 137
	'<'  shift 138
	'.'  shift 139
	'['  shift 140
	'?'  shift 141
	DOUBLELEFT  shift 142
	','  reduce 83
	';'  reduce 83
	')'  reduce 83
	']'  reduce 83
	':'  reduce 83


state 118
	PrintCompStmt : PRINTCOMP '(' . ExprList ')'  (107)
	Receiver : .  (45)

	NULL  shift 47
	THIS  shift 48
	NEW  shift 54
	READ_INTEGER  shift 56
	READ_LINE  shift 57
	LITERAL  shift 58
	INSTANCEOF  shift 59
	'-'  shift 60
	'!'  shift 61
	'('  shift 62
	CASE  shift 64
	SUPER  shift 67
	DCOPY  shift 68
	SCOPY  shift 69
	RE  shift 70
	IM  shift 71
	COMPCAST  shift 73
	IDENTIFIER  reduce 45

	LValue  goto 98
	Expr  goto 149
	Call  goto 100
	Receiver  goto 91
	Constant  goto 92
	Super  goto 93
	Cases  goto 94
	ExprList  goto 160


state 119
	Stmt : SimpleStmt ';' .  (29)

	.  reduce 29


state 120
	Stmt : ReturnStmt ';' .  (33)

	.  reduce 33


state 121
	Stmt : PrintStmt ';' .  (34)

	.  reduce 34


state 122
	Stmt : BreakStmt ';' .  (35)

	.  reduce 35


state 123
	Stmt : ContinueStmt ';' .  (36)

	.  reduce 36


state 124
	Stmt : PrintCompStmt ';' .  (37)

	.  reduce 37


state 125
	SimpleStmt : LValue '=' . Expr  (41)
	Receiver : .  (45)

	NULL  shift 47
	THIS  shift 48
	NEW  shift 54
	READ_INTEGER  shift 56
	READ_LINE  shift 57
	LITERAL  shift 58
	INSTANCEOF  shift 59
	'-'  shift 60
	'!'  shift 61
	'('  shift 62
	CASE  shift 64
	SUPER  shift 67
	DCOPY  shift 68
	SCOPY  shift 69
	RE  shift 70
	IM  shift 71
	COMPCAST  shift 73
	IDENTIFIER  reduce 45

	LValue  goto 98
	Expr  goto 161
	Call  goto 100
	Receiver  goto 91
	Constant  goto 92
	Super  goto 93
	Cases  goto 94


state 126
	Expr : Expr AND . Expr  (65)
	Receiver : .  (45)

	NULL  shift 47
	THIS  shift 48
	NEW  shift 54
	READ_INTEGER  shift 56
	READ_LINE  shift 57
	LITERAL  shift 58
	INSTANCEOF  shift 59
	'-'  shift 60
	'!'  shift 61
	'('  shift 62
	CASE  shift 64
	SUPER  shift 67
	DCOPY  shift 68
	SCOPY  shift 69
	RE  shift 70
	IM  shift 71
	COMPCAST  shift 73
	IDENTIFIER  reduce 45

	LValue  goto 98
	Expr  goto 162
	Call  goto 100
	Receiver  goto 91
	Constant  goto 92
	Super  goto 93
	Cases  goto 94


state 127
	Expr : Expr OR . Expr  (66)
	Receiver : .  (45)

	NULL  shift 47
	THIS  shift 48
	NEW  shift 54
	READ_INTEGER  shift 56
	READ_LINE  shift 57
	LITERAL  shift 58
	INSTANCEOF  shift 59
	'-'  shift 60
	'!'  shift 61
	'('  shift 62
	CASE  shift 64
	SUPER  shift 67
	DCOPY  shift 68
	SCOPY  shift 69
	RE  shift 70
	IM  shift 71
	COMPCAST  shift 73
	IDENTIFIER  reduce 45

	LValue  goto 98
	Expr  goto 163
	Call  goto 100
	Receiver  goto 91
	Constant  goto 92
	Super  goto 93
	Cases  goto 94


state 128
	Expr : Expr LESS_EQUAL . Expr  (63)
	Receiver : .  (45)

	NULL  shift 47
	THIS  shift 48
	NEW  shift 54
	READ_INTEGER  shift 56
	READ_LINE  shift 57
	LITERAL  shift 58
	INSTANCEOF  shift 59
	'-'  shift 60
	'!'  shift 61
	'('  shift 62
	CASE  shift 64
	SUPER  shift 67
	DCOPY  shift 68
	SCOPY  shift 69
	RE  shift 70
	IM  shift 71
	COMPCAST  shift 73
	IDENTIFIER  reduce 45

	LValue  goto 98
	Expr  goto 164
	Call  goto 100
	Receiver  goto 91
	Constant  goto 92
	Super  goto 93
	Cases  goto 94


state 129
	Expr : Expr GREATER_EQUAL . Expr  (64)
	Receiver : .  (45)

	NULL  shift 47
	THIS  shift 48
	NEW  shift 54
	READ_INTEGER  shift 56
	READ_LINE  shift 57
	LITERAL  shift 58
	INSTANCEOF  shift 59
	'-'  shift 60
	'!'  shift 61
	'('  shift 62
	CASE  shift 64
	SUPER  shift 67
	DCOPY  shift 68
	SCOPY  shift 69
	RE  shift 70
	IM  shift 71
	COMPCAST  shift 73
	IDENTIFIER  reduce 45

	LValue  goto 98
	Expr  goto 165
	Call  goto 100
	Receiver  goto 91
	Constant  goto 92
	Super  goto 93
	Cases  goto 94


state 130
	Expr : Expr EQUAL . Expr  (59)
	Receiver : .  (45)

	NULL  shift 47
	THIS  shift 48
	NEW  shift 54
	READ_INTEGER  shift 56
	READ_LINE  shift 57
	LITERAL  shift 58
	INSTANCEOF  shift 59
	'-'  shift 60
	'!'  shift 61
	'('  shift 62
	CASE  shift 64
	SUPER  shift 67
	DCOPY  shift 68
	SCOPY  shift 69
	RE  shift 70
	IM  shift 71
	COMPCAST  shift 73
	IDENTIFIER  reduce 45

	LValue  goto 98
	Expr  goto 166
	Call  goto 100
	Receiver  goto 91
	Constant  goto 92
	Super  goto 93
	Cases  goto 94


state 131
	Expr : Expr NOT_EQUAL . Expr  (60)
	Receiver : .  (45)

	NULL  shift 47
	THIS  shift 48
	NEW  shift 54
	READ_INTEGER  shift 56
	READ_LINE  shift 57
	LITERAL  shift 58
	INSTANCEOF  shift 59
	'-'  shift 60
	'!'  shift 61
	'('  shift 62
	CASE  shift 64
	SUPER  shift 67
	DCOPY  shift 68
	SCOPY  shift 69
	RE  shift 70
	IM  shift 71
	COMPCAST  shift 73
	IDENTIFIER  reduce 45

	LValue  goto 98
	Expr  goto 167
	Call  goto 100
	Receiver  goto 91
	Constant  goto 92
	Super  goto 93
	Cases  goto 94


state 132
	Expr : Expr '+' . Expr  (54)
	Receiver : .  (45)

	NULL  shift 47
	THIS  shift 48
	NEW  shift 54
	READ_INTEGER  shift 56
	READ_LINE  shift 57
	LITERAL  shift 58
	INSTANCEOF  shift 59
	'-'  shift 60
	'!'  shift 61
	'('  shift 62
	CASE  shift 64
	SUPER  shift 67
	DCOPY  shift 68
	SCOPY  shift 69
	RE  shift 70
	IM  shift 71
	COMPCAST  shift 73
	IDENTIFIER  reduce 45

	LValue  goto 98
	Expr  goto 168
	Call  goto 100
	Receiver  goto 91
	Constant  goto 92
	Super  goto 93
	Cases  goto 94


state 133
	Expr : Expr '-' . Expr  (55)
	Receiver : .  (45)

	NULL  shift 47
	THIS  shift 48
	NEW  shift 54
	READ_INTEGER  shift 56
	READ_LINE  shift 57
	LITERAL  shift 58
	INSTANCEOF  shift 59
	'-'  shift 60
	'!'  shift 61
	'('  shift 62
	CASE  shift 64
	SUPER  shift 67
	DCOPY  shift 68
	SCOPY  shift 69
	RE  shift 70
	IM  shift 71
	COMPCAST  shift 73
	IDENTIFIER  reduce 45

	LValue  goto 98
	Expr  goto 169
	Call  goto 100
	Receiver  goto 91
	Constant  goto 92
	Super  goto 93
	Cases  goto 94


state 134
	Expr : Expr '*' . Expr  (56)
	Receiver : .  (45)

	NULL  shift 47
	THIS  shift 48
	NEW  shift 54
	READ_INTEGER  shift 56
	READ_LINE  shift 57
	LITERAL  shift 58
	INSTANCEOF  shift 59
	'-'  shift 60
	'!'  shift 61
	'('  shift 62
	CASE  shift 64
	SUPER  shift 67
	DCOPY  shift 68
	SCOPY  shift 69
	RE  shift 70
	IM  shift 71
	COMPCAST  shift 73
	IDENTIFIER  reduce 45

	LValue  goto 98
	Expr  goto 170
	Call  goto 100
	Receiver  goto 91
	Constant  goto 92
	Super  goto 93
	Cases  goto 94


state 135
	Expr : Expr '/' . Expr  (57)
	Receiver : .  (45)

	NULL  shift 47
	THIS  shift 48
	NEW  shift 54
	READ_INTEGER  shift 56
	READ_LINE  shift 57
	LITERAL  shift 58
	INSTANCEOF  shift 59
	'-'  shift 60
	'!'  shift 61
	'('  shift 62
	CASE  shift 64
	SUPER  shift 67
	DCOPY  shift 68
	SCOPY  shift 69
	RE  shift 70
	IM  shift 71
	COMPCAST  shift 73
	IDENTIFIER  reduce 45

	LValue  goto 98
	Expr  goto 171
	Call  goto 100
	Receiver  goto 91
	Constant  goto 92
	Super  goto 93
	Cases  goto 94


state 136
	Expr : Expr '%' . Expr  (58)
	Receiver : .  (45)

	NULL  shift 47
	THIS  shift 48
	NEW  shift 54
	READ_INTEGER  shift 56
	READ_LINE  shift 57
	LITERAL  shift 58
	INSTANCEOF  shift 59
	'-'  shift 60
	'!'  shift 61
	'('  shift 62
	CASE  shift 64
	SUPER  shift 67
	DCOPY  shift 68
	SCOPY  shift 69
	RE  shift 70
	IM  shift 71
	COMPCAST  shift 73
	IDENTIFIER  reduce 45

	LValue  goto 98
	Expr  goto 172
	Call  goto 100
	Receiver  goto 91
	Constant  goto 92
	Super  goto 93
	Cases  goto 94


state 137
	Expr : Expr '>' . Expr  (62)
	Receiver : .  (45)

	NULL  shift 47
	THIS  shift 48
	NEW  shift 54
	READ_INTEGER  shift 56
	READ_LINE  shift 57
	LITERAL  shift 58
	INSTANCEOF  shift 59
	'-'  shift 60
	'!'  shift 61
	'('  shift 62
	CASE  shift 64
	SUPER  shift 67
	DCOPY  shift 68
	SCOPY  shift 69
	RE  shift 70
	IM  shift 71
	COMPCAST  shift 73
	IDENTIFIER  reduce 45

	LValue  goto 98
	Expr  goto 173
	Call  goto 100
	Receiver  goto 91
	Constant  goto 92
	Super  goto 93
	Cases  goto 94


state 138
	Expr : Expr '<' . Expr  (61)
	Receiver : .  (45)

	NULL  shift 47
	THIS  shift 48
	NEW  shift 54
	READ_INTEGER  shift 56
	READ_LINE  shift 57
	LITERAL  shift 58
	INSTANCEOF  shift 59
	'-'  shift 60
	'!'  shift 61
	'('  shift 62
	CASE  shift 64
	SUPER  shift 67
	DCOPY  shift 68
	SCOPY  shift 69
	RE  shift 70
	IM  shift 71
	COMPCAST  shift 73
	IDENTIFIER  reduce 45

	LValue  goto 98
	Expr  goto 174
	Call  goto 100
	Receiver  goto 91
	Constant  goto 92
	Super  goto 93
	Cases  goto 94


state 139
	Receiver : Expr '.' .  (44)

	.  reduce 44


state 140
	LValue : Expr '[' . Expr ']'  (47)
	Receiver : .  (45)

	NULL  shift 47
	THIS  shift 48
	NEW  shift 54
	READ_INTEGER  shift 56
	READ_LINE  shift 57
	LITERAL  shift 58
	INSTANCEOF  shift 59
	'-'  shift 60
	'!'  shift 61
	'('  shift 62
	CASE  shift 64
	SUPER  shift 67
	DCOPY  shift 68
	SCOPY  shift 69
	RE  shift 70
	IM  shift 71
	COMPCAST  shift 73
	IDENTIFIER  reduce 45

	LValue  goto 98
	Expr  goto 175
	Call  goto 100
	Receiver  goto 91
	Constant  goto 92
	Super  goto 93
	Cases  goto 94


state 141
	Expr : Expr '?' . Expr ':' Expr  (78)
	Receiver : .  (45)

	NULL  shift 47
	THIS  shift 48
	NEW  shift 54
	READ_INTEGER  shift 56
	READ_LINE  shift 57
	LITERAL  shift 58
	INSTANCEOF  shift 59
	'-'  shift 60
	'!'  shift 61
	'('  shift 62
	CASE  shift 64
	SUPER  shift 67
	DCOPY  shift 68
	SCOPY  shift 69
	RE  shift 70
	IM  shift 71
	COMPCAST  shift 73
	IDENTIFIER  reduce 45

	LValue  goto 98
	Expr  goto 176
	Call  goto 100
	Receiver  goto 91
	Constant  goto 92
	Super  goto 93
	Cases  goto 94


state 142
	Expr : Expr DOUBLELEFT . Expr  (77)
	Receiver : .  (45)

	NULL  shift 47
	THIS  shift 48
	NEW  shift 54
	READ_INTEGER  shift 56
	READ_LINE  shift 57
	LITERAL  shift 58
	INSTANCEOF  shift 59
	'-'  shift 60
	'!'  shift 61
	'('  shift 62
	CASE  shift 64
	SUPER  shift 67
	DCOPY  shift 68
	SCOPY  shift 69
	RE  shift 70
	IM  shift 71
	COMPCAST  shift 73
	IDENTIFIER  reduce 45

	LValue  goto 98
	Expr  goto 177
	Call  goto 100
	Receiver  goto 91
	Constant  goto 92
	Super  goto 93
	Cases  goto 94


state 143
	LValue : Receiver IDENTIFIER .  (46)
	Call : Receiver IDENTIFIER . '(' Actuals ')'  (48)

	'('  shift 178
	AND  reduce 46
	OR  reduce 46
	LESS_EQUAL  reduce 46
	GREATER_EQUAL  reduce 46
	EQUAL  reduce 46
	NOT_EQUAL  reduce 46
	'+'  reduce 46
	'-'  reduce 46
	'*'  reduce 46
	'/'  reduce 46
	'%'  reduce 46
	'='  reduce 46
	'>'  reduce 46
	'<'  reduce 46
	'.'  reduce 46
	','  reduce 46
	';'  reduce 46
	')'  reduce 46
	'['  reduce 46
	']'  reduce 46
	'?'  reduce 46
	':'  reduce 46
	DOUBLELEFT  reduce 46


state 144
	Receiver : Expr . '.'  (44)
	LValue : Expr . '[' Expr ']'  (47)
	Expr : Expr . '+' Expr  (54)
	Expr : Expr . '-' Expr  (55)
	Expr : Expr . '*' Expr  (56)
	Expr : Expr . '/' Expr  (57)
	Expr : Expr . '%' Expr  (58)
	Expr : Expr . EQUAL Expr  (59)
	Expr : Expr . NOT_EQUAL Expr  (60)
	Expr : Expr . '<' Expr  (61)
	Expr : Expr . '>' Expr  (62)
	Expr : Expr . LESS_EQUAL Expr  (63)
	Expr : Expr . GREATER_EQUAL Expr  (64)
	Expr : Expr . AND Expr  (65)
	Expr : Expr . OR Expr  (66)
	Expr : Expr . DOUBLELEFT Expr  (77)
	Expr : Expr . '?' Expr ':' Expr  (78)
	WhileStmt : WHILE '(' Expr . ')' Stmt  (91)

	AND  shift 126
	OR  shift 127
	LESS_EQUAL  shift 128
	GREATER_EQUAL  shift 129
	EQUAL  shift 130
	NOT_EQUAL  shift 131
	'+'  shift 132
	'-'  shift 133
	'*'  shift 134
	'/'  shift 135
	'%'  shift 136
	'>'  shift 137
	'<'  shift 138
	'.'  shift 139
	')'  shift 179
	'['  shift 140
	'?'  shift 141
	DOUBLELEFT  shift 142
	.  error


state 145
	ForStmt : FOR '(' SimpleStmt . ';' Expr ';' SimpleStmt ')' Stmt  (92)

	';'  shift 180
	.  error


state 146
	Receiver : Expr . '.'  (44)
	LValue : Expr . '[' Expr ']'  (47)
	Expr : Expr . '+' Expr  (54)
	Expr : Expr . '-' Expr  (55)
	Expr : Expr . '*' Expr  (56)
	Expr : Expr . '/' Expr  (57)
	Expr : Expr . '%' Expr  (58)
	Expr : Expr . EQUAL Expr  (59)
	Expr : Expr . NOT_EQUAL Expr  (60)
	Expr : Expr . '<' Expr  (61)
	Expr : Expr . '>' Expr  (62)
	Expr : Expr . LESS_EQUAL Expr  (63)
	Expr : Expr . GREATER_EQUAL Expr  (64)
	Expr : Expr . AND Expr  (65)
	Expr : Expr . OR Expr  (66)
	Expr : Expr . DOUBLELEFT Expr  (77)
	Expr : Expr . '?' Expr ':' Expr  (78)
	IfStmt : IF '(' Expr . ')' Stmt ElseClause  (101)

	AND  shift 126
	OR  shift 127
	LESS_EQUAL  shift 128
	GREATER_EQUAL  shift 129
	EQUAL  shift 130
	NOT_EQUAL  shift 131
	'+'  shift 132
	'-'  shift 133
	'*'  shift 134
	'/'  shift 135
	'%'  shift 136
	'>'  shift 137
	'<'  shift 138
	'.'  shift 139
	')'  shift 181
	'['  shift 140
	'?'  shift 141
	DOUBLELEFT  shift 142
	.  error


state 147
	Expr : NEW IDENTIFIER '(' . ')'  (73)

	')'  shift 182
	.  error


state 148
	Type : Type '[' . ']'  (12)
	Expr : NEW Type '[' . Expr ']'  (74)
	Receiver : .  (45)

	NULL  shift 47
	THIS  shift 48
	NEW  shift 54
	READ_INTEGER  shift 56
	READ_LINE  shift 57
	LITERAL  shift 58
	INSTANCEOF  shift 59
	'-'  shift 60
	'!'  shift 61
	'('  shift 62
	']'  shift 31
	CASE  shift 64
	SUPER  shift 67
	DCOPY  shift 68
	SCOPY  shift 69
	RE  shift 70
	IM  shift 71
	COMPCAST  shift 73
	IDENTIFIER  reduce 45

	LValue  goto 98
	Expr  goto 183
	Call  goto 100
	Receiver  goto 91
	Constant  goto 92
	Super  goto 93
	Cases  goto 94


state 149
	Receiver : Expr . '.'  (44)
	LValue : Expr . '[' Expr ']'  (47)
	Expr : Expr . '+' Expr  (54)
	Expr : Expr . '-' Expr  (55)
	Expr : Expr . '*' Expr  (56)
	Expr : Expr . '/' Expr  (57)
	Expr : Expr . '%' Expr  (58)
	Expr : Expr . EQUAL Expr  (59)
	Expr : Expr . NOT_EQUAL Expr  (60)
	Expr : Expr . '<' Expr  (61)
	Expr : Expr . '>' Expr  (62)
	Expr : Expr . LESS_EQUAL Expr  (63)
	Expr : Expr . GREATER_EQUAL Expr  (64)
	Expr : Expr . AND Expr  (65)
	Expr : Expr . OR Expr  (66)
	Expr : Expr . DOUBLELEFT Expr  (77)
	Expr : Expr . '?' Expr ':' Expr  (78)
	ExprList : Expr .  (90)

	AND  shift 126
	OR  shift 127
	LESS_EQUAL  shift 128
	GREATER_EQUAL  shift 129
	EQUAL  shift 130
	NOT_EQUAL  shift 131
	'+'  shift 132
	'-'  shift 133
	'*'  shift 134
	'/'  shift 135
	'%'  shift 136
	'>'  shift 137
	'<'  shift 138
	'.'  shift 139
	'['  shift 140
	'?'  shift 141
	DOUBLELEFT  shift 142
	','  reduce 90
	')'  reduce 90


state 150
	ExprList : ExprList . ',' Expr  (89)
	PrintStmt : PRINT '(' ExprList . ')'  (106)

	','  shift 184
	')'  shift 185
	.  error


state 151
	Expr : READ_INTEGER '(' ')' .  (70)

	.  reduce 70


state 152
	Expr : READ_LINE '(' ')' .  (71)

	.  reduce 71


state 153
	Receiver : Expr . '.'  (44)
	LValue : Expr . '[' Expr ']'  (47)
	Expr : Expr . '+' Expr  (54)
	Expr : Expr . '-' Expr  (55)
	Expr : Expr . '*' Expr  (56)
	Expr : Expr . '/' Expr  (57)
	Expr : Expr . '%' Expr  (58)
	Expr : Expr . EQUAL Expr  (59)
	Expr : Expr . NOT_EQUAL Expr  (60)
	Expr : Expr . '<' Expr  (61)
	Expr : Expr . '>' Expr  (62)
	Expr : Expr . LESS_EQUAL Expr  (63)
	Expr : Expr . GREATER_EQUAL Expr  (64)
	Expr : Expr . AND Expr  (65)
	Expr : Expr . OR Expr  (66)
	Expr : INSTANCEOF '(' Expr . ',' IDENTIFIER ')'  (75)
	Expr : Expr . DOUBLELEFT Expr  (77)
	Expr : Expr . '?' Expr ':' Expr  (78)

	AND  shift 126
	OR  shift 127
	LESS_EQUAL  shift 128
	GREATER_EQUAL  shift 129
	EQUAL  shift 130
	NOT_EQUAL  shift 131
	'+'  shift 132
	'-'  shift 133
	'*'  shift 134
	'/'  shift 135
	'%'  shift 136
	'>'  shift 137
	'<'  shift 138
	'.'  shift 139
	','  shift 186
	'['  shift 140
	'?'  shift 141
	DOUBLELEFT  shift 142
	.  error


state 154
	Expr : '(' CLASS IDENTIFIER . ')' Expr  (76)

	')'  shift 187
	.  error


state 155
	Expr : '(' Expr ')' .  (67)

	.  reduce 67


state 156
	Receiver : Expr . '.'  (44)
	LValue : Expr . '[' Expr ']'  (47)
	Expr : Expr . '+' Expr  (54)
	Expr : Expr . '-' Expr  (55)
	Expr : Expr . '*' Expr  (56)
	Expr : Expr . '/' Expr  (57)
	Expr : Expr . '%' Expr  (58)
	Expr : Expr . EQUAL Expr  (59)
	Expr : Expr . NOT_EQUAL Expr  (60)
	Expr : Expr . '<' Expr  (61)
	Expr : Expr . '>' Expr  (62)
	Expr : Expr . LESS_EQUAL Expr  (63)
	Expr : Expr . GREATER_EQUAL Expr  (64)
	Expr : Expr . AND Expr  (65)
	Expr : Expr . OR Expr  (66)
	Expr : Expr . DOUBLELEFT Expr  (77)
	Expr : Expr . '?' Expr ':' Expr  (78)
	Cases : CASE '(' Expr . ')' '{' CaseStmtList DefaultStmt '}'  (96)

	AND  shift 126
	OR  shift 127
	LESS_EQUAL  shift 128
	GREATER_EQUAL  shift 129
	EQUAL  shift 130
	NOT_EQUAL  shift 131
	'+'  shift 132
	'-'  shift 133
	'*'  shift 134
	'/'  shift 135
	'%'  shift 136
	'>'  shift 137
	'<'  shift 138
	'.'  shift 139
	')'  shift 188
	'['  shift 140
	'?'  shift 141
	DOUBLELEFT  shift 142
	.  error


state 157
	RepeatStmt : REPEAT Stmt UNTIL . '(' Expr ')'  (94)

	'('  shift 189
	.  error


state 158
	Receiver : Expr . '.'  (44)
	LValue : Expr . '[' Expr ']'  (47)
	Expr : Expr . '+' Expr  (54)
	Expr : Expr . '-' Expr  (55)
	Expr : Expr . '*' Expr  (56)
	Expr : Expr . '/' Expr  (57)
	Expr : Expr . '%' Expr  (58)
	Expr : Expr . EQUAL Expr  (59)
	Expr : Expr . NOT_EQUAL Expr  (60)
	Expr : Expr . '<' Expr  (61)
	Expr : Expr . '>' Expr  (62)
	Expr : Expr . LESS_EQUAL Expr  (63)
	Expr : Expr . GREATER_EQUAL Expr  (64)
	Expr : Expr . AND Expr  (65)
	Expr : Expr . OR Expr  (66)
	Expr : Expr . DOUBLELEFT Expr  (77)
	Expr : Expr . '?' Expr ':' Expr  (78)
	Expr : DCOPY '(' Expr . ')'  (79)

	AND  shift 126
	OR  shift 127
	LESS_EQUAL  shift 128
	GREATER_EQUAL  shift 129
	EQUAL  shift 130
	NOT_EQUAL  shift 131
	'+'  shift 132
	'-'  shift 133
	'*'  shift 134
	'/'  shift 135
	'%'  shift 136
	'>'  shift 137
	'<'  shift 138
	'.'  shift 139
	')'  shift 190
	'['  shift 140
	'?'  shift 141
	DOUBLELEFT  shift 142
	.  error


state 159
	Receiver : Expr . '.'  (44)
	LValue : Expr . '[' Expr ']'  (47)
	Expr : Expr . '+' Expr  (54)
	Expr : Expr . '-' Expr  (55)
	Expr : Expr . '*' Expr  (56)
	Expr : Expr . '/' Expr  (57)
	Expr : Expr . '%' Expr  (58)
	Expr : Expr . EQUAL Expr  (59)
	Expr : Expr . NOT_EQUAL Expr  (60)
	Expr : Expr . '<' Expr  (61)
	Expr : Expr . '>' Expr  (62)
	Expr : Expr . LESS_EQUAL Expr  (63)
	Expr : Expr . GREATER_EQUAL Expr  (64)
	Expr : Expr . AND Expr  (65)
	Expr : Expr . OR Expr  (66)
	Expr : Expr . DOUBLELEFT Expr  (77)
	Expr : Expr . '?' Expr ':' Expr  (78)
	Expr : SCOPY '(' Expr . ')'  (80)

	AND  shift 126
	OR  shift 127
	LESS_EQUAL  shift 128
	GREATER_EQUAL  shift 129
	EQUAL  shift 130
	NOT_EQUAL  shift 131
	'+'  shift 132
	'-'  shift 133
	'*'  shift 134
	'/'  shift 135
	'%'  shift 136
	'>'  shift 137
	'<'  shift 138
	'.'  shift 139
	')'  shift 191
	'['  shift 140
	'?'  shift 141
	DOUBLELEFT  shift 142
	.  error


state 160
	ExprList : ExprList . ',' Expr  (89)
	PrintCompStmt : PRINTCOMP '(' ExprList . ')'  (107)

	','  shift 184
	')'  shift 192
	.  error


state 161
	SimpleStmt : LValue '=' Expr .  (41)
	Receiver : Expr . '.'  (44)
	LValue : Expr . '[' Expr ']'  (47)
	Expr : Expr . '+' Expr  (54)
	Expr : Expr . '-' Expr  (55)
	Expr : Expr . '*' Expr  (56)
	Expr : Expr . '/' Expr  (57)
	Expr : Expr . '%' Expr  (58)
	Expr : Expr . EQUAL Expr  (59)
	Expr : Expr . NOT_EQUAL Expr  (60)
	Expr : Expr . '<' Expr  (61)
	Expr : Expr . '>' Expr  (62)
	Expr : Expr . LESS_EQUAL Expr  (63)
	Expr : Expr . GREATER_EQUAL Expr  (64)
	Expr : Expr . AND Expr  (65)
	Expr : Expr . OR Expr  (66)
	Expr : Expr . DOUBLELEFT Expr  (77)
	Expr : Expr . '?' Expr ':' Expr  (78)

	AND  shift 126
	OR  shift 127
	LESS_EQUAL  shift 128
	GREATER_EQUAL  shift 129
	EQUAL  shift 130
	NOT_EQUAL  shift 131
	'+'  shift 132
	'-'  shift 133
	'*'  shift 134
	'/'  shift 135
	'%'  shift 136
	'>'  shift 137
	'<'  shift 138
	'.'  shift 139
	'['  shift 140
	'?'  shift 141
	DOUBLELEFT  shift 142
	';'  reduce 41
	')'  reduce 41


state 162
	Receiver : Expr . '.'  (44)
	LValue : Expr . '[' Expr ']'  (47)
	Expr : Expr . '+' Expr  (54)
	Expr : Expr . '-' Expr  (55)
	Expr : Expr . '*' Expr  (56)
	Expr : Expr . '/' Expr  (57)
	Expr : Expr . '%' Expr  (58)
	Expr : Expr . EQUAL Expr  (59)
	Expr : Expr . NOT_EQUAL Expr  (60)
	Expr : Expr . '<' Expr  (61)
	Expr : Expr . '>' Expr  (62)
	Expr : Expr . LESS_EQUAL Expr  (63)
	Expr : Expr . GREATER_EQUAL Expr  (64)
	Expr : Expr . AND Expr  (65)
	Expr : Expr AND Expr .  (65)
	Expr : Expr . OR Expr  (66)
	Expr : Expr . DOUBLELEFT Expr  (77)
	Expr : Expr . '?' Expr ':' Expr  (78)

	LESS_EQUAL  shift 128
	GREATER_EQUAL  shift 129
	EQUAL  shift 130
	NOT_EQUAL  shift 131
	'+'  shift 132
	'-'  shift 133
	'*'  shift 134
	'/'  shift 135
	'%'  shift 136
	'>'  shift 137
	'<'  shift 138
	'.'  shift 139
	'['  shift 140
	'?'  shift 141
	DOUBLELEFT  shift 142
	AND  reduce 65
	OR  reduce 65
	','  reduce 65
	';'  reduce 65
	')'  reduce 65
	']'  reduce 65
	':'  reduce 65


state 163
	Receiver : Expr . '.'  (44)
	LValue : Expr . '[' Expr ']'  (47)
	Expr : Expr . '+' Expr  (54)
	Expr : Expr . '-' Expr  (55)
	Expr : Expr . '*' Expr  (56)
	Expr : Expr . '/' Expr  (57)
	Expr : Expr . '%' Expr  (58)
	Expr : Expr . EQUAL Expr  (59)
	Expr : Expr . NOT_EQUAL Expr  (60)
	Expr : Expr . '<' Expr  (61)
	Expr : Expr . '>' Expr  (62)
	Expr : Expr . LESS_EQUAL Expr  (63)
	Expr : Expr . GREATER_EQUAL Expr  (64)
	Expr : Expr . AND Expr  (65)
	Expr : Expr . OR Expr  (66)
	Expr : Expr OR Expr .  (66)
	Expr : Expr . DOUBLELEFT Expr  (77)
	Expr : Expr . '?' Expr ':' Expr  (78)

	AND  shift 126
	LESS_EQUAL  shift 128
	GREATER_EQUAL  shift 129
	EQUAL  shift 130
	NOT_EQUAL  shift 131
	'+'  shift 132
	'-'  shift 133
	'*'  shift 134
	'/'  shift 135
	'%'  shift 136
	'>'  shift 137
	'<'  shift 138
	'.'  shift 139
	'['  shift 140
	'?'  shift 141
	DOUBLELEFT  shift 142
	OR  reduce 66
	','  reduce 66
	';'  reduce 66
	')'  reduce 66
	']'  reduce 66
	':'  reduce 66


state 164
	Receiver : Expr . '.'  (44)
	LValue : Expr . '[' Expr ']'  (47)
	Expr : Expr . '+' Expr  (54)
	Expr : Expr . '-' Expr  (55)
	Expr : Expr . '*' Expr  (56)
	Expr : Expr . '/' Expr  (57)
	Expr : Expr . '%' Expr  (58)
	Expr : Expr . EQUAL Expr  (59)
	Expr : Expr . NOT_EQUAL Expr  (60)
	Expr : Expr . '<' Expr  (61)
	Expr : Expr . '>' Expr  (62)
	Expr : Expr . LESS_EQUAL Expr  (63)
	Expr : Expr LESS_EQUAL Expr .  (63)
	Expr : Expr . GREATER_EQUAL Expr  (64)
	Expr : Expr . AND Expr  (65)
	Expr : Expr . OR Expr  (66)
	Expr : Expr . DOUBLELEFT Expr  (77)
	Expr : Expr . '?' Expr ':' Expr  (78)

	'+'  shift 132
	'-'  shift 133
	'*'  shift 134
	'/'  shift 135
	'%'  shift 136
	'.'  shift 139
	'['  shift 140
	AND  reduce 63
	OR  reduce 63
	EQUAL  reduce 63
	NOT_EQUAL  reduce 63
	','  reduce 63
	';'  reduce 63
	')'  reduce 63
	']'  reduce 63
	'?'  reduce 63
	':'  reduce 63
	DOUBLELEFT  reduce 63


state 165
	Receiver : Expr . '.'  (44)
	LValue : Expr . '[' Expr ']'  (47)
	Expr : Expr . '+' Expr  (54)
	Expr : Expr . '-' Expr  (55)
	Expr : Expr . '*' Expr  (56)
	Expr : Expr . '/' Expr  (57)
	Expr : Expr . '%' Expr  (58)
	Expr : Expr . EQUAL Expr  (59)
	Expr : Expr . NOT_EQUAL Expr  (60)
	Expr : Expr . '<' Expr  (61)
	Expr : Expr . '>' Expr  (62)
	Expr : Expr . LESS_EQUAL Expr  (63)
	Expr : Expr . GREATER_EQUAL Expr  (64)
	Expr : Expr GREATER_EQUAL Expr .  (64)
	Expr : Expr . AND Expr  (65)
	Expr : Expr . OR Expr  (66)
	Expr : Expr . DOUBLELEFT Expr  (77)
	Expr : Expr . '?' Expr ':' Expr  (78)

	'+'  shift 132
	'-'  shift 133
	'*'  shift 134
	'/'  shift 135
	'%'  shift 136
	'.'  shift 139
	'['  shift 140
	AND  reduce 64
	OR  reduce 64
	EQUAL  reduce 64
	NOT_EQUAL  reduce 64
	','  reduce 64
	';'  reduce 64
	')'  reduce 64
	']'  reduce 64
	'?'  reduce 64
	':'  reduce 64
	DOUBLELEFT  reduce 64


state 166
	Receiver : Expr . '.'  (44)
	LValue : Expr . '[' Expr ']'  (47)
	Expr : Expr . '+' Expr  (54)
	Expr : Expr . '-' Expr  (55)
	Expr : Expr . '*' Expr  (56)
	Expr : Expr . '/' Expr  (57)
	Expr : Expr . '%' Expr  (58)
	Expr : Expr . EQUAL Expr  (59)
	Expr : Expr EQUAL Expr .  (59)
	Expr : Expr . NOT_EQUAL Expr  (60)
	Expr : Expr . '<' Expr  (61)
	Expr : Expr . '>' Expr  (62)
	Expr : Expr . LESS_EQUAL Expr  (63)
	Expr : Expr . GREATER_EQUAL Expr  (64)
	Expr : Expr . AND Expr  (65)
	Expr : Expr . OR Expr  (66)
	Expr : Expr . DOUBLELEFT Expr  (77)
	Expr : Expr . '?' Expr ':' Expr  (78)

	LESS_EQUAL  shift 128
	GREATER_EQUAL  shift 129
	'+'  shift 132
	'-'  shift 133
	'*'  shift 134
	'/'  shift 135
	'%'  shift 136
	'>'  shift 137
	'<'  shift 138
	'.'  shift 139
	'['  shift 140
	AND  reduce 59
	OR  reduce 59
	','  reduce 59
	';'  reduce 59
	')'  reduce 59
	']'  reduce 59
	'?'  reduce 59
	':'  reduce 59
	DOUBLELEFT  reduce 59


state 167
	Receiver : Expr . '.'  (44)
	LValue : Expr . '[' Expr ']'  (47)
	Expr : Expr . '+' Expr  (54)
	Expr : Expr . '-' Expr  (55)
	Expr : Expr . '*' Expr  (56)
	Expr : Expr . '/' Expr  (57)
	Expr : Expr . '%' Expr  (58)
	Expr : Expr . EQUAL Expr  (59)
	Expr : Expr . NOT_EQUAL Expr  (60)
	Expr : Expr NOT_EQUAL Expr .  (60)
	Expr : Expr . '<' Expr  (61)
	Expr : Expr . '>' Expr  (62)
	Expr : Expr . LESS_EQUAL Expr  (63)
	Expr : Expr . GREATER_EQUAL Expr  (64)
	Expr : Expr . AND Expr  (65)
	Expr : Expr . OR Expr  (66)
	Expr : Expr . DOUBLELEFT Expr  (77)
	Expr : Expr . '?' Expr ':' Expr  (78)

	LESS_EQUAL  shift 128
	GREATER_EQUAL  shift 129
	'+'  shift 132
	'-'  shift 133
	'*'  shift 134
	'/'  shift 135
	'%'  shift 136
	'>'  shift 137
	'<'  shift 138
	'.'  shift 139
	'['  shift 140
	AND  reduce 60
	OR  reduce 60
	','  reduce 60
	';'  reduce 60
	')'  reduce 60
	']'  reduce 60
	'?'  reduce 60
	':'  reduce 60
	DOUBLELEFT  reduce 60


state 168
	Receiver : Expr . '.'  (44)
	LValue : Expr . '[' Expr ']'  (47)
	Expr : Expr . '+' Expr  (54)
	Expr : Expr '+' Expr .  (54)
	Expr : Expr . '-' Expr  (55)
	Expr : Expr . '*' Expr  (56)
	Expr : Expr . '/' Expr  (57)
	Expr : Expr . '%' Expr  (58)
	Expr : Expr . EQUAL Expr  (59)
	Expr : Expr . NOT_EQUAL Expr  (60)
	Expr : Expr . '<' Expr  (61)
	Expr : Expr . '>' Expr  (62)
	Expr : Expr . LESS_EQUAL Expr  (63)
	Expr : Expr . GREATER_EQUAL Expr  (64)
	Expr : Expr . AND Expr  (65)
	Expr : Expr . OR Expr  (66)
	Expr : Expr . DOUBLELEFT Expr  (77)
	Expr : Expr . '?' Expr ':' Expr  (78)

	'*'  shift 134
	'/'  shift 135
	'%'  shift 136
	'.'  shift 139
	'['  shift 140
	AND  reduce 54
	OR  reduce 54
	LESS_EQUAL  reduce 54
	GREATER_EQUAL  reduce 54
	EQUAL  reduce 54
	NOT_EQUAL  reduce 54
	'+'  reduce 54
	'-'  reduce 54
	'>'  reduce 54
	'<'  reduce 54
	','  reduce 54
	';'  reduce 54
	')'  reduce 54
	']'  reduce 54
	'?'  reduce 54
	':'  reduce 54
	DOUBLELEFT  reduce 54


state 169
	Receiver : Expr . '.'  (44)
	LValue : Expr . '[' Expr ']'  (47)
	Expr : Expr . '+' Expr  (54)
	Expr : Expr . '-' Expr  (55)
	Expr : Expr '-' Expr .  (55)
	Expr : Expr . '*' Expr  (56)
	Expr : Expr . '/' Expr  (57)
	Expr : Expr . '%' Expr  (58)
	Expr : Expr . EQUAL Expr  (59)
	Expr : Expr . NOT_EQUAL Expr  (60)
	Expr : Expr . '<' Expr  (61)
	Expr : Expr . '>' Expr  (62)
	Expr : Expr . LESS_EQUAL Expr  (63)
	Expr : Expr . GREATER_EQUAL Expr  (64)
	Expr : Expr . AND Expr  (65)
	Expr : Expr . OR Expr  (66)
	Expr : Expr . DOUBLELEFT Expr  (77)
	Expr : Expr . '?' Expr ':' Expr  (78)

	'*'  shift 134
	'/'  shift 135
	'%'  shift 136
	'.'  shift 139
	'['  shift 140
	AND  reduce 55
	OR  reduce 55
	LESS_EQUAL  reduce 55
	GREATER_EQUAL  reduce 55
	EQUAL  reduce 55
	NOT_EQUAL  reduce 55
	'+'  reduce 55
	'-'  reduce 55
	'>'  reduce 55
	'<'  reduce 55
	','  reduce 55
	';'  reduce 55
	')'  reduce 55
	']'  reduce 55
	'?'  reduce 55
	':'  reduce 55
	DOUBLELEFT  reduce 55


state 170
	Receiver : Expr . '.'  (44)
	LValue : Expr . '[' Expr ']'  (47)
	Expr : Expr . '+' Expr  (54)
	Expr : Expr . '-' Expr  (55)
	Expr : Expr . '*' Expr  (56)
	Expr : Expr '*' Expr .  (56)
	Expr : Expr . '/' Expr  (57)
	Expr : Expr . '%' Expr  (58)
	Expr : Expr . EQUAL Expr  (59)
	Expr : Expr . NOT_EQUAL Expr  (60)
	Expr : Expr . '<' Expr  (61)
	Expr : Expr . '>' Expr  (62)
	Expr : Expr . LESS_EQUAL Expr  (63)
	Expr : Expr . GREATER_EQUAL Expr  (64)
	Expr : Expr . AND Expr  (65)
	Expr : Expr . OR Expr  (66)
	Expr : Expr . DOUBLELEFT Expr  (77)
	Expr : Expr . '?' Expr ':' Expr  (78)

	'.'  shift 139
	'['  shift 140
	AND  reduce 56
	OR  reduce 56
	LESS_EQUAL  reduce 56
	GREATER_EQUAL  reduce 56
	EQUAL  reduce 56
	NOT_EQUAL  reduce 56
	'+'  reduce 56
	'-'  reduce 56
	'*'  reduce 56
	'/'  reduce 56
	'%'  reduce 56
	'>'  reduce 56
	'<'  reduce 56
	','  reduce 56
	';'  reduce 56
	')'  reduce 56
	']'  reduce 56
	'?'  reduce 56
	':'  reduce 56
	DOUBLELEFT  reduce 56


state 171
	Receiver : Expr . '.'  (44)
	LValue : Expr . '[' Expr ']'  (47)
	Expr : Expr . '+' Expr  (54)
	Expr : Expr . '-' Expr  (55)
	Expr : Expr . '*' Expr  (56)
	Expr : Expr . '/' Expr  (57)
	Expr : Expr '/' Expr .  (57)
	Expr : Expr . '%' Expr  (58)
	Expr : Expr . EQUAL Expr  (59)
	Expr : Expr . NOT_EQUAL Expr  (60)
	Expr : Expr . '<' Expr  (61)
	Expr : Expr . '>' Expr  (62)
	Expr : Expr . LESS_EQUAL Expr  (63)
	Expr : Expr . GREATER_EQUAL Expr  (64)
	Expr : Expr . AND Expr  (65)
	Expr : Expr . OR Expr  (66)
	Expr : Expr . DOUBLELEFT Expr  (77)
	Expr : Expr . '?' Expr ':' Expr  (78)

	'.'  shift 139
	'['  shift 140
	AND  reduce 57
	OR  reduce 57
	LESS_EQUAL  reduce 57
	GREATER_EQUAL  reduce 57
	EQUAL  reduce 57
	NOT_EQUAL  reduce 57
	'+'  reduce 57
	'-'  reduce 57
	'*'  reduce 57
	'/'  reduce 57
	'%'  reduce 57
	'>'  reduce 57
	'<'  reduce 57
	','  reduce 57
	';'  reduce 57
	')'  reduce 57
	']'  reduce 57
	'?'  reduce 57
	':'  reduce 57
	DOUBLELEFT  reduce 57


state 172
	Receiver : Expr . '.'  (44)
	LValue : Expr . '[' Expr ']'  (47)
	Expr : Expr . '+' Expr  (54)
	Expr : Expr . '-' Expr  (55)
	Expr : Expr . '*' Expr  (56)
	Expr : Expr . '/' Expr  (57)
	Expr : Expr . '%' Expr  (58)
	Expr : Expr '%' Expr .  (58)
	Expr : Expr . EQUAL Expr  (59)
	Expr : Expr . NOT_EQUAL Expr  (60)
	Expr : Expr . '<' Expr  (61)
	Expr : Expr . '>' Expr  (62)
	Expr : Expr . LESS_EQUAL Expr  (63)
	Expr : Expr . GREATER_EQUAL Expr  (64)
	Expr : Expr . AND Expr  (65)
	Expr : Expr . OR Expr  (66)
	Expr : Expr . DOUBLELEFT Expr  (77)
	Expr : Expr . '?' Expr ':' Expr  (78)

	'.'  shift 139
	'['  shift 140
	AND  reduce 58
	OR  reduce 58
	LESS_EQUAL  reduce 58
	GREATER_EQUAL  reduce 58
	EQUAL  reduce 58
	NOT_EQUAL  reduce 58
	'+'  reduce 58
	'-'  reduce 58
	'*'  reduce 58
	'/'  reduce 58
	'%'  reduce 58
	'>'  reduce 58
	'<'  reduce 58
	','  reduce 58
	';'  reduce 58
	')'  reduce 58
	']'  reduce 58
	'?'  reduce 58
	':'  reduce 58
	DOUBLELEFT  reduce 58


state 173
	Receiver : Expr . '.'  (44)
	LValue : Expr . '[' Expr ']'  (47)
	Expr : Expr . '+' Expr  (54)
	Expr : Expr . '-' Expr  (55)
	Expr : Expr . '*' Expr  (56)
	Expr : Expr . '/' Expr  (57)
	Expr : Expr . '%' Expr  (58)
	Expr : Expr . EQUAL Expr  (59)
	Expr : Expr . NOT_EQUAL Expr  (60)
	Expr : Expr . '<' Expr  (61)
	Expr : Expr . '>' Expr  (62)
	Expr : Expr '>' Expr .  (62)
	Expr : Expr . LESS_EQUAL Expr  (63)
	Expr : Expr . GREATER_EQUAL Expr  (64)
	Expr : Expr . AND Expr  (65)
	Expr : Expr . OR Expr  (66)
	Expr : Expr . DOUBLELEFT Expr  (77)
	Expr : Expr . '?' Expr ':' Expr  (78)

	'+'  shift 132
	'-'  shift 133
	'*'  shift 134
	'/'  shift 135
	'%'  shift 136
	'.'  shift 139
	'['  shift 140
	AND  reduce 62
	OR  reduce 62
	EQUAL  reduce 62
	NOT_EQUAL  reduce 62
	','  reduce 62
	';'  reduce 62
	')'  reduce 62
	']'  reduce 62
	'?'  reduce 62
	':'  reduce 62
	DOUBLELEFT  reduce 62


state 174
	Receiver : Expr . '.'  (44)
	LValue : Expr . '[' Expr ']'  (47)
	Expr : Expr . '+' Expr  (54)
	Expr : Expr . '-' Expr  (55)
	Expr : Expr . '*' Expr  (56)
	Expr : Expr . '/' Expr  (57)
	Expr : Expr . '%' Expr  (58)
	Expr : Expr . EQUAL Expr  (59)
	Expr : Expr . NOT_EQUAL Expr  (60)
	Expr : Expr . '<' Expr  (61)
	Expr : Expr '<' Expr .  (61)
	Expr : Expr . '>' Expr  (62)
	Expr : Expr . LESS_EQUAL Expr  (63)
	Expr : Expr . GREATER_EQUAL Expr  (64)
	Expr : Expr . AND Expr  (65)
	Expr : Expr . OR Expr  (66)
	Expr : Expr . DOUBLELEFT Expr  (77)
	Expr : Expr . '?' Expr ':' Expr  (78)

	'+'  shift 132
	'-'  shift 133
	'*'  shift 134
	'/'  shift 135
	'%'  shift 136
	'.'  shift 139
	'['  shift 140
	AND  reduce 61
	OR  reduce 61
	EQUAL  reduce 61
	NOT_EQUAL  reduce 61
	','  reduce 61
	';'  reduce 61
	')'  reduce 61
	']'  reduce 61
	'?'  reduce 61
	':'  reduce 61
	DOUBLELEFT  reduce 61


state 175
	Receiver : Expr . '.'  (44)
	LValue : Expr . '[' Expr ']'  (47)
	LValue : Expr '[' Expr . ']'  (47)
	Expr : Expr . '+' Expr  (54)
	Expr : Expr . '-' Expr  (55)
	Expr : Expr . '*' Expr  (56)
	Expr : Expr . '/' Expr  (57)
	Expr : Expr . '%' Expr  (58)
	Expr : Expr . EQUAL Expr  (59)
	Expr : Expr . NOT_EQUAL Expr  (60)
	Expr : Expr . '<' Expr  (61)
	Expr : Expr . '>' Expr  (62)
	Expr : Expr . LESS_EQUAL Expr  (63)
	Expr : Expr . GREATER_EQUAL Expr  (64)
	Expr : Expr . AND Expr  (65)
	Expr : Expr . OR Expr  (66)
	Expr : Expr . DOUBLELEFT Expr  (77)
	Expr : Expr . '?' Expr ':' Expr  (78)

	AND  shift 126
	OR  shift 127
	LESS_EQUAL  shift 128
	GREATER_EQUAL  shift 129
	EQUAL  shift 130
	NOT_EQUAL  shift 131
	'+'  shift 132
	'-'  shift 133
	'*'  shift 134
	'/'  shift 135
	'%'  shift 136
	'>'  shift 137
	'<'  shift 138
	'.'  shift 139
	'['  shift 140
	']'  shift 193
	'?'  shift 141
	DOUBLELEFT  shift 142
	.  error


state 176
	Receiver : Expr . '.'  (44)
	LValue : Expr . '[' Expr ']'  (47)
	Expr : Expr . '+' Expr  (54)
	Expr : Expr . '-' Expr  (55)
	Expr : Expr . '*' Expr  (56)
	Expr : Expr . '/' Expr  (57)
	Expr : Expr . '%' Expr  (58)
	Expr : Expr . EQUAL Expr  (59)
	Expr : Expr . NOT_EQUAL Expr  (60)
	Expr : Expr . '<' Expr  (61)
	Expr : Expr . '>' Expr  (62)
	Expr : Expr . LESS_EQUAL Expr  (63)
	Expr : Expr . GREATER_EQUAL Expr  (64)
	Expr : Expr . AND Expr  (65)
	Expr : Expr . OR Expr  (66)
	Expr : Expr . DOUBLELEFT Expr  (77)
	Expr : Expr . '?' Expr ':' Expr  (78)
	Expr : Expr '?' Expr . ':' Expr  (78)

	AND  shift 126
	OR  shift 127
	LESS_EQUAL  shift 128
	GREATER_EQUAL  shift 129
	EQUAL  shift 130
	NOT_EQUAL  shift 131
	'+'  shift 132
	'-'  shift 133
	'*'  shift 134
	'/'  shift 135
	'%'  shift 136
	'>'  shift 137
	'<'  shift 138
	'.'  shift 139
	'['  shift 140
	'?'  shift 141
	':'  shift 194
	DOUBLELEFT  shift 142
	.  error


state 177
	Receiver : Expr . '.'  (44)
	LValue : Expr . '[' Expr ']'  (47)
	Expr : Expr . '+' Expr  (54)
	Expr : Expr . '-' Expr  (55)
	Expr : Expr . '*' Expr  (56)
	Expr : Expr . '/' Expr  (57)
	Expr : Expr . '%' Expr  (58)
	Expr : Expr . EQUAL Expr  (59)
	Expr : Expr . NOT_EQUAL Expr  (60)
	Expr : Expr . '<' Expr  (61)
	Expr : Expr . '>' Expr  (62)
	Expr : Expr . LESS_EQUAL Expr  (63)
	Expr : Expr . GREATER_EQUAL Expr  (64)
	Expr : Expr . AND Expr  (65)
	Expr : Expr . OR Expr  (66)
	Expr : Expr . DOUBLELEFT Expr  (77)
	Expr : Expr DOUBLELEFT Expr .  (77)
	Expr : Expr . '?' Expr ':' Expr  (78)

	LESS_EQUAL  shift 128
	GREATER_EQUAL  shift 129
	EQUAL  shift 130
	NOT_EQUAL  shift 131
	'+'  shift 132
	'-'  shift 133
	'*'  shift 134
	'/'  shift 135
	'%'  shift 136
	'>'  shift 137
	'<'  shift 138
	'.'  shift 139
	'['  shift 140
	'?'  shift 141
	AND  reduce 77
	OR  reduce 77
	','  reduce 77
	';'  reduce 77
	')'  reduce 77
	']'  reduce 77
	':'  reduce 77
	DOUBLELEFT  reduce 77


state 178
	Call : Receiver IDENTIFIER '(' . Actuals ')'  (48)
	Receiver : .  (45)
	Actuals : .  (88)

	NULL  shift 47
	THIS  shift 48
	NEW  shift 54
	READ_INTEGER  shift 56
	READ_LINE  shift 57
	LITERAL  shift 58
	INSTANCEOF  shift 59
	'-'  shift 60
	'!'  shift 61
	'('  shift 62
	CASE  shift 64
	SUPER  shift 67
	DCOPY  shift 68
	SCOPY  shift 69
	RE  shift 70
	IM  shift 71
	COMPCAST  shift 73
	IDENTIFIER  reduce 45
	')'  reduce 88

	LValue  goto 98
	Expr  goto 149
	Call  goto 100
	Receiver  goto 91
	Actuals  goto 195
	Constant  goto 92
	Super  goto 93
	Cases  goto 94
	ExprList  goto 196


state 179
	WhileStmt : WHILE '(' Expr ')' . Stmt  (91)
	SimpleStmt : .  (43)
	Receiver : .  (45)

	VOID  shift 12
	BOOL  shift 13
	INT  shift 14
	STRING  shift 15
	CLASS  shift 16
	COMPLEX  shift 17
	NULL  shift 47
	THIS  shift 48
	WHILE  shift 49
	FOR  shift 50
	IF  shift 51
	RETURN  shift 52
	BREAK  shift 53
	NEW  shift 54
	PRINT  shift 55
	READ_INTEGER  shift 56
	READ_LINE  shift 57
	LITERAL  shift 58
	INSTANCEOF  shift 59
	'-'  shift 60
	'!'  shift 61
	'('  shift 62
	'{'  shift 42
	CASE  shift 64
	REPEAT  shift 65
	CONTINUE  shift 66
	SUPER  shift 67
	DCOPY  shift 68
	SCOPY  shift 69
	RE  shift 70
	IM  shift 71
	SwitchStmt  shift 72
	COMPCAST  shift 73
	PRINTCOMP  shift 74
	IDENTIFIER  reduce 45
	';'  reduce 43

	VariableDef  goto 75
	Variable  goto 21
	Type  goto 34
	StmtBlock  goto 76
	Stmt  goto 197
	SimpleStmt  goto 78
	IfStmt  goto 79
	WhileStmt  goto 80
	ForStmt  goto 81
	ReturnStmt  goto 82
	PrintStmt  goto 83
	BreakStmt  goto 84
	ContinueStmt  goto 85
	PrintCompStmt  goto 86
	RepeatStmt  goto 87
	LValue  goto 88
	Expr  goto 89
	Call  goto 90
	Receiver  goto 91
	Constant  goto 92
	Super  goto 93
	Cases  goto 94


state 180
	ForStmt : FOR '(' SimpleStmt ';' . Expr ';' SimpleStmt ')' Stmt  (92)
	Receiver : .  (45)

	NULL  shift 47
	THIS  shift 48
	NEW  shift 54
	READ_INTEGER  shift 56
	READ_LINE  shift 57
	LITERAL  shift 58
	INSTANCEOF  shift 59
	'-'  shift 60
	'!'  shift 61
	'('  shift 62
	CASE  shift 64
	SUPER  shift 67
	DCOPY  shift 68
	SCOPY  shift 69
	RE  shift 70
	IM  shift 71
	COMPCAST  shift 73
	IDENTIFIER  reduce 45

	LValue  goto 98
	Expr  goto 198
	Call  goto 100
	Receiver  goto 91
	Constant  goto 92
	Super  goto 93
	Cases  goto 94


state 181
	IfStmt : IF '(' Expr ')' . Stmt ElseClause  (101)
	SimpleStmt : .  (43)
	Receiver : .  (45)

	VOID  shift 12
	BOOL  shift 13
	INT  shift 14
	STRING  shift 15
	CLASS  shift 16
	COMPLEX  shift 17
	NULL  shift 47
	THIS  shift 48
	WHILE  shift 49
	FOR  shift 50
	IF  shift 51
	RETURN  shift 52
	BREAK  shift 53
	NEW  shift 54
	PRINT  shift 55
	READ_INTEGER  shift 56
	READ_LINE  shift 57
	LITERAL  shift 58
	INSTANCEOF  shift 59
	'-'  shift 60
	'!'  shift 61
	'('  shift 62
	'{'  shift 42
	CASE  shift 64
	REPEAT  shift 65
	CONTINUE  shift 66
	SUPER  shift 67
	DCOPY  shift 68
	SCOPY  shift 69
	RE  shift 70
	IM  shift 71
	SwitchStmt  shift 72
	COMPCAST  shift 73
	PRINTCOMP  shift 74
	IDENTIFIER  reduce 45
	';'  reduce 43

	VariableDef  goto 75
	Variable  goto 21
	Type  goto 34
	StmtBlock  goto 76
	Stmt  goto 199
	SimpleStmt  goto 78
	IfStmt  goto 79
	WhileStmt  goto 80
	ForStmt  goto 81
	ReturnStmt  goto 82
	PrintStmt  goto 83
	BreakStmt  goto 84
	ContinueStmt  goto 85
	PrintCompStmt  goto 86
	RepeatStmt  goto 87
	LValue  goto 88
	Expr  goto 89
	Call  goto 90
	Receiver  goto 91
	Constant  goto 92
	Super  goto 93
	Cases  goto 94


state 182
	Expr : NEW IDENTIFIER '(' ')' .  (73)

	.  reduce 73


state 183
	Receiver : Expr . '.'  (44)
	LValue : Expr . '[' Expr ']'  (47)
	Expr : Expr . '+' Expr  (54)
	Expr : Expr . '-' Expr  (55)
	Expr : Expr . '*' Expr  (56)
	Expr : Expr . '/' Expr  (57)
	Expr : Expr . '%' Expr  (58)
	Expr : Expr . EQUAL Expr  (59)
	Expr : Expr . NOT_EQUAL Expr  (60)
	Expr : Expr . '<' Expr  (61)
	Expr : Expr . '>' Expr  (62)
	Expr : Expr . LESS_EQUAL Expr  (63)
	Expr : Expr . GREATER_EQUAL Expr  (64)
	Expr : Expr . AND Expr  (65)
	Expr : Expr . OR Expr  (66)
	Expr : NEW Type '[' Expr . ']'  (74)
	Expr : Expr . DOUBLELEFT Expr  (77)
	Expr : Expr . '?' Expr ':' Expr  (78)

	AND  shift 126
	OR  shift 127
	LESS_EQUAL  shift 128
	GREATER_EQUAL  shift 129
	EQUAL  shift 130
	NOT_EQUAL  shift 131
	'+'  shift 132
	'-'  shift 133
	'*'  shift 134
	'/'  shift 135
	'%'  shift 136
	'>'  shift 137
	'<'  shift 138
	'.'  shift 139
	'['  shift 140
	']'  shift 200
	'?'  shift 141
	DOUBLELEFT  shift 142
	.  error


state 184
	ExprList : ExprList ',' . Expr  (89)
	Receiver : .  (45)

	NULL  shift 47
	THIS  shift 48
	NEW  shift 54
	READ_INTEGER  shift 56
	READ_LINE  shift 57
	LITERAL  shift 58
	INSTANCEOF  shift 59
	'-'  shift 60
	'!'  shift 61
	'('  shift 62
	CASE  shift 64
	SUPER  shift 67
	DCOPY  shift 68
	SCOPY  shift 69
	RE  shift 70
	IM  shift 71
	COMPCAST  shift 73
	IDENTIFIER  reduce 45

	LValue  goto 98
	Expr  goto 201
	Call  goto 100
	Receiver  goto 91
	Constant  goto 92
	Super  goto 93
	Cases  goto 94


state 185
	PrintStmt : PRINT '(' ExprList ')' .  (106)

	.  reduce 106


state 186
	Expr : INSTANCEOF '(' Expr ',' . IDENTIFIER ')'  (75)

	IDENTIFIER  shift 202
	.  error


state 187
	Expr : '(' CLASS IDENTIFIER ')' . Expr  (76)
	Receiver : .  (45)

	NULL  shift 47
	THIS  shift 48
	NEW  shift 54
	READ_INTEGER  shift 56
	READ_LINE  shift 57
	LITERAL  shift 58
	INSTANCEOF  shift 59
	'-'  shift 60
	'!'  shift 61
	'('  shift 62
	CASE  shift 64
	SUPER  shift 67
	DCOPY  shift 68
	SCOPY  shift 69
	RE  shift 70
	IM  shift 71
	COMPCAST  shift 73
	IDENTIFIER  reduce 45

	LValue  goto 98
	Expr  goto 203
	Call  goto 100
	Receiver  goto 91
	Constant  goto 92
	Super  goto 93
	Cases  goto 94


state 188
	Cases : CASE '(' Expr ')' . '{' CaseStmtList DefaultStmt '}'  (96)

	'{'  shift 204
	.  error


state 189
	RepeatStmt : REPEAT Stmt UNTIL '(' . Expr ')'  (94)
	Receiver : .  (45)

	NULL  shift 47
	THIS  shift 48
	NEW  shift 54
	READ_INTEGER  shift 56
	READ_LINE  shift 57
	LITERAL  shift 58
	INSTANCEOF  shift 59
	'-'  shift 60
	'!'  shift 61
	'('  shift 62
	CASE  shift 64
	SUPER  shift 67
	DCOPY  shift 68
	SCOPY  shift 69
	RE  shift 70
	IM  shift 71
	COMPCAST  shift 73
	IDENTIFIER  reduce 45

	LValue  goto 98
	Expr  goto 205
	Call  goto 100
	Receiver  goto 91
	Constant  goto 92
	Super  goto 93
	Cases  goto 94


state 190
	Expr : DCOPY '(' Expr ')' .  (79)

	.  reduce 79


state 191
	Expr : SCOPY '(' Expr ')' .  (80)

	.  reduce 80


state 192
	PrintCompStmt : PRINTCOMP '(' ExprList ')' .  (107)

	.  reduce 107


state 193
	LValue : Expr '[' Expr ']' .  (47)

	.  reduce 47


state 194
	Expr : Expr '?' Expr ':' . Expr  (78)
	Receiver : .  (45)

	NULL  shift 47
	THIS  shift 48
	NEW  shift 54
	READ_INTEGER  shift 56
	READ_LINE  shift 57
	LITERAL  shift 58
	INSTANCEOF  shift 59
	'-'  shift 60
	'!'  shift 61
	'('  shift 62
	CASE  shift 64
	SUPER  shift 67
	DCOPY  shift 68
	SCOPY  shift 69
	RE  shift 70
	IM  shift 71
	COMPCAST  shift 73
	IDENTIFIER  reduce 45

	LValue  goto 98
	Expr  goto 206
	Call  goto 100
	Receiver  goto 91
	Constant  goto 92
	Super  goto 93
	Cases  goto 94


state 195
	Call : Receiver IDENTIFIER '(' Actuals . ')'  (48)

	')'  shift 207
	.  error


state 196
	Actuals : ExprList .  (87)
	ExprList : ExprList . ',' Expr  (89)

	','  shift 184
	')'  reduce 87


state 197
	WhileStmt : WHILE '(' Expr ')' Stmt .  (91)

	.  reduce 91


state 198
	Receiver : Expr . '.'  (44)
	LValue : Expr . '[' Expr ']'  (47)
	Expr : Expr . '+' Expr  (54)
	Expr : Expr . '-' Expr  (55)
	Expr : Expr . '*' Expr  (56)
	Expr : Expr . '/' Expr  (57)
	Expr : Expr . '%' Expr  (58)
	Expr : Expr . EQUAL Expr  (59)
	Expr : Expr . NOT_EQUAL Expr  (60)
	Expr : Expr . '<' Expr  (61)
	Expr : Expr . '>' Expr  (62)
	Expr : Expr . LESS_EQUAL Expr  (63)
	Expr : Expr . GREATER_EQUAL Expr  (64)
	Expr : Expr . AND Expr  (65)
	Expr : Expr . OR Expr  (66)
	Expr : Expr . DOUBLELEFT Expr  (77)
	Expr : Expr . '?' Expr ':' Expr  (78)
	ForStmt : FOR '(' SimpleStmt ';' Expr . ';' SimpleStmt ')' Stmt  (92)

	AND  shift 126
	OR  shift 127
	LESS_EQUAL  shift 128
	GREATER_EQUAL  shift 129
	EQUAL  shift 130
	NOT_EQUAL  shift 131
	'+'  shift 132
	'-'  shift 133
	'*'  shift 134
	'/'  shift 135
	'%'  shift 136
	'>'  shift 137
	'<'  shift 138
	'.'  shift 139
	';'  shift 208
	'['  shift 140
	'?'  shift 141
	DOUBLELEFT  shift 142
	.  error


state 199
	IfStmt : IF '(' Expr ')' Stmt . ElseClause  (101)
	ElseClause : .  (103)

	ELSE  shift 209
	VOID  reduce 103
	BOOL  reduce 103
	INT  reduce 103
	STRING  reduce 103
	CLASS  reduce 103
	COMPLEX  reduce 103
	NULL  reduce 103
	THIS  reduce 103
	WHILE  reduce 103
	FOR  reduce 103
	IF  reduce 103
	RETURN  reduce 103
	BREAK  reduce 103
	NEW  reduce 103
	PRINT  reduce 103
	READ_INTEGER  reduce 103
	READ_LINE  reduce 103
	LITERAL  reduce 103
	IDENTIFIER  reduce 103
	INSTANCEOF  reduce 103
	'-'  reduce 103
	';'  reduce 103
	'!'  reduce 103
	'('  reduce 103
	'{'  reduce 103
	'}'  reduce 103
	CASE  reduce 103
	REPEAT  reduce 103
	UNTIL  reduce 103
	CONTINUE  reduce 103
	SUPER  reduce 103
	DCOPY  reduce 103
	SCOPY  reduce 103
	RE  reduce 103
	IM  reduce 103
	SwitchStmt  reduce 103
	COMPCAST  reduce 103
	PRINTCOMP  reduce 103

	ElseClause  goto 210


state 200
	Expr : NEW Type '[' Expr ']' .  (74)

	.  reduce 74


state 201
	Receiver : Expr . '.'  (44)
	LValue : Expr . '[' Expr ']'  (47)
	Expr : Expr . '+' Expr  (54)
	Expr : Expr . '-' Expr  (55)
	Expr : Expr . '*' Expr  (56)
	Expr : Expr . '/' Expr  (57)
	Expr : Expr . '%' Expr  (58)
	Expr : Expr . EQUAL Expr  (59)
	Expr : Expr . NOT_EQUAL Expr  (60)
	Expr : Expr . '<' Expr  (61)
	Expr : Expr . '>' Expr  (62)
	Expr : Expr . LESS_EQUAL Expr  (63)
	Expr : Expr . GREATER_EQUAL Expr  (64)
	Expr : Expr . AND Expr  (65)
	Expr : Expr . OR Expr  (66)
	Expr : Expr . DOUBLELEFT Expr  (77)
	Expr : Expr . '?' Expr ':' Expr  (78)
	ExprList : ExprList ',' Expr .  (89)

	AND  shift 126
	OR  shift 127
	LESS_EQUAL  shift 128
	GREATER_EQUAL  shift 129
	EQUAL  shift 130
	NOT_EQUAL  shift 131
	'+'  shift 132
	'-'  shift 133
	'*'  shift 134
	'/'  shift 135
	'%'  shift 136
	'>'  shift 137
	'<'  shift 138
	'.'  shift 139
	'['  shift 140
	'?'  shift 141
	DOUBLELEFT  shift 142
	','  reduce 89
	')'  reduce 89


state 202
	Expr : INSTANCEOF '(' Expr ',' IDENTIFIER . ')'  (75)

	')'  shift 211
	.  error


state 203
	Receiver : Expr . '.'  (44)
	LValue : Expr . '[' Expr ']'  (47)
	Expr : Expr . '+' Expr  (54)
	Expr : Expr . '-' Expr  (55)
	Expr : Expr . '*' Expr  (56)
	Expr : Expr . '/' Expr  (57)
	Expr : Expr . '%' Expr  (58)
	Expr : Expr . EQUAL Expr  (59)
	Expr : Expr . NOT_EQUAL Expr  (60)
	Expr : Expr . '<' Expr  (61)
	Expr : Expr . '>' Expr  (62)
	Expr : Expr . LESS_EQUAL Expr  (63)
	Expr : Expr . GREATER_EQUAL Expr  (64)
	Expr : Expr . AND Expr  (65)
	Expr : Expr . OR Expr  (66)
	Expr : '(' CLASS IDENTIFIER ')' Expr .  (76)
	Expr : Expr . DOUBLELEFT Expr  (77)
	Expr : Expr . '?' Expr ':' Expr  (78)

	.  reduce 76


state 204
	Cases : CASE '(' Expr ')' '{' . CaseStmtList DefaultStmt '}'  (96)
	CaseStmtList : .  (98)

	.  reduce 98

	CaseStmtList  goto 212


state 205
	Receiver : Expr . '.'  (44)
	LValue : Expr . '[' Expr ']'  (47)
	Expr : Expr . '+' Expr  (54)
	Expr : Expr . '-' Expr  (55)
	Expr : Expr . '*' Expr  (56)
	Expr : Expr . '/' Expr  (57)
	Expr : Expr . '%' Expr  (58)
	Expr : Expr . EQUAL Expr  (59)
	Expr : Expr . NOT_EQUAL Expr  (60)
	Expr : Expr . '<' Expr  (61)
	Expr : Expr . '>' Expr  (62)
	Expr : Expr . LESS_EQUAL Expr  (63)
	Expr : Expr . GREATER_EQUAL Expr  (64)
	Expr : Expr . AND Expr  (65)
	Expr : Expr . OR Expr  (66)
	Expr : Expr . DOUBLELEFT Expr  (77)
	Expr : Expr . '?' Expr ':' Expr  (78)
	RepeatStmt : REPEAT Stmt UNTIL '(' Expr . ')'  (94)

	AND  shift 126
	OR  shift 127
	LESS_EQUAL  shift 128
	GREATER_EQUAL  shift 129
	EQUAL  shift 130
	NOT_EQUAL  shift 131
	'+'  shift 132
	'-'  shift 133
	'*'  shift 134
	'/'  shift 135
	'%'  shift 136
	'>'  shift 137
	'<'  shift 138
	'.'  shift 139
	')'  shift 213
	'['  shift 140
	'?'  shift 141
	DOUBLELEFT  shift 142
	.  error


state 206
	Receiver : Expr . '.'  (44)
	LValue : Expr . '[' Expr ']'  (47)
	Expr : Expr . '+' Expr  (54)
	Expr : Expr . '-' Expr  (55)
	Expr : Expr . '*' Expr  (56)
	Expr : Expr . '/' Expr  (57)
	Expr : Expr . '%' Expr  (58)
	Expr : Expr . EQUAL Expr  (59)
	Expr : Expr . NOT_EQUAL Expr  (60)
	Expr : Expr . '<' Expr  (61)
	Expr : Expr . '>' Expr  (62)
	Expr : Expr . LESS_EQUAL Expr  (63)
	Expr : Expr . GREATER_EQUAL Expr  (64)
	Expr : Expr . AND Expr  (65)
	Expr : Expr . OR Expr  (66)
	Expr : Expr . DOUBLELEFT Expr  (77)
	Expr : Expr . '?' Expr ':' Expr  (78)
	Expr : Expr '?' Expr ':' Expr .  (78)

	LESS_EQUAL  shift 128
	GREATER_EQUAL  shift 129
	EQUAL  shift 130
	NOT_EQUAL  shift 131
	'+'  shift 132
	'-'  shift 133
	'*'  shift 134
	'/'  shift 135
	'%'  shift 136
	'>'  shift 137
	'<'  shift 138
	'.'  shift 139
	'['  shift 140
	'?'  shift 141
	AND  reduce 78
	OR  reduce 78
	','  reduce 78
	';'  reduce 78
	')'  reduce 78
	']'  reduce 78
	':'  reduce 78
	DOUBLELEFT  reduce 78


state 207
	Call : Receiver IDENTIFIER '(' Actuals ')' .  (48)

	.  reduce 48


state 208
	ForStmt : FOR '(' SimpleStmt ';' Expr ';' . SimpleStmt ')' Stmt  (92)
	SimpleStmt : .  (43)
	Receiver : .  (45)

	NULL  shift 47
	THIS  shift 48
	NEW  shift 54
	READ_INTEGER  shift 56
	READ_LINE  shift 57
	LITERAL  shift 58
	INSTANCEOF  shift 59
	'-'  shift 60
	'!'  shift 61
	'('  shift 62
	CASE  shift 64
	SUPER  shift 67
	DCOPY  shift 68
	SCOPY  shift 69
	RE  shift 70
	IM  shift 71
	COMPCAST  shift 73
	IDENTIFIER  reduce 45
	')'  reduce 43

	SimpleStmt  goto 214
	LValue  goto 88
	Expr  goto 89
	Call  goto 90
	Receiver  goto 91
	Constant  goto 92
	Super  goto 93
	Cases  goto 94


state 209
	ElseClause : ELSE . Stmt  (102)
	SimpleStmt : .  (43)
	Receiver : .  (45)

	VOID  shift 12
	BOOL  shift 13
	INT  shift 14
	STRING  shift 15
	CLASS  shift 16
	COMPLEX  shift 17
	NULL  shift 47
	THIS  shift 48
	WHILE  shift 49
	FOR  shift 50
	IF  shift 51
	RETURN  shift 52
	BREAK  shift 53
	NEW  shift 54
	PRINT  shift 55
	READ_INTEGER  shift 56
	READ_LINE  shift 57
	LITERAL  shift 58
	INSTANCEOF  shift 59
	'-'  shift 60
	'!'  shift 61
	'('  shift 62
	'{'  shift 42
	CASE  shift 64
	REPEAT  shift 65
	CONTINUE  shift 66
	SUPER  shift 67
	DCOPY  shift 68
	SCOPY  shift 69
	RE  shift 70
	IM  shift 71
	SwitchStmt  shift 72
	COMPCAST  shift 73
	PRINTCOMP  shift 74
	IDENTIFIER  reduce 45
	';'  reduce 43

	VariableDef  goto 75
	Variable  goto 21
	Type  goto 34
	StmtBlock  goto 76
	Stmt  goto 215
	SimpleStmt  goto 78
	IfStmt  goto 79
	WhileStmt  goto 80
	ForStmt  goto 81
	ReturnStmt  goto 82
	PrintStmt  goto 83
	BreakStmt  goto 84
	ContinueStmt  goto 85
	PrintCompStmt  goto 86
	RepeatStmt  goto 87
	LValue  goto 88
	Expr  goto 89
	Call  goto 90
	Receiver  goto 91
	Constant  goto 92
	Super  goto 93
	Cases  goto 94


state 210
	IfStmt : IF '(' Expr ')' Stmt ElseClause .  (101)

	.  reduce 101


state 211
	Expr : INSTANCEOF '(' Expr ',' IDENTIFIER ')' .  (75)

	.  reduce 75


state 212
	Cases : CASE '(' Expr ')' '{' CaseStmtList . DefaultStmt '}'  (96)
	CaseStmtList : CaseStmtList . CaseStmt  (97)

	NULL  shift 47
	LITERAL  shift 58
	DEFAULT  shift 216
	.  error

	Constant  goto 217
	DefaultStmt  goto 218
	CaseStmt  goto 219


state 213
	RepeatStmt : REPEAT Stmt UNTIL '(' Expr ')' .  (94)

	.  reduce 94


state 214
	ForStmt : FOR '(' SimpleStmt ';' Expr ';' SimpleStmt . ')' Stmt  (92)

	')'  shift 220
	.  error


state 215
	ElseClause : ELSE Stmt .  (102)

	.  reduce 102


state 216
	DefaultStmt : DEFAULT . ':' Expr ';'  (100)

	':'  shift 221
	.  error


state 217
	CaseStmt : Constant . ':' Expr ';'  (99)

	':'  shift 222
	.  error


state 218
	Cases : CASE '(' Expr ')' '{' CaseStmtList DefaultStmt . '}'  (96)

	'}'  shift 223
	.  error


state 219
	CaseStmtList : CaseStmtList CaseStmt .  (97)

	.  reduce 97


state 220
	ForStmt : FOR '(' SimpleStmt ';' Expr ';' SimpleStmt ')' . Stmt  (92)
	SimpleStmt : .  (43)
	Receiver : .  (45)

	VOID  shift 12
	BOOL  shift 13
	INT  shift 14
	STRING  shift 15
	CLASS  shift 16
	COMPLEX  shift 17
	NULL  shift 47
	THIS  shift 48
	WHILE  shift 49
	FOR  shift 50
	IF  shift 51
	RETURN  shift 52
	BREAK  shift 53
	NEW  shift 54
	PRINT  shift 55
	READ_INTEGER  shift 56
	READ_LINE  shift 57
	LITERAL  shift 58
	INSTANCEOF  shift 59
	'-'  shift 60
	'!'  shift 61
	'('  shift 62
	'{'  shift 42
	CASE  shift 64
	REPEAT  shift 65
	CONTINUE  shift 66
	SUPER  shift 67
	DCOPY  shift 68
	SCOPY  shift 69
	RE  shift 70
	IM  shift 71
	SwitchStmt  shift 72
	COMPCAST  shift 73
	PRINTCOMP  shift 74
	IDENTIFIER  reduce 45
	';'  reduce 43

	VariableDef  goto 75
	Variable  goto 21
	Type  goto 34
	StmtBlock  goto 76
	Stmt  goto 224
	SimpleStmt  goto 78
	IfStmt  goto 79
	WhileStmt  goto 80
	ForStmt  goto 81
	ReturnStmt  goto 82
	PrintStmt  goto 83
	BreakStmt  goto 84
	ContinueStmt  goto 85
	PrintCompStmt  goto 86
	RepeatStmt  goto 87
	LValue  goto 88
	Expr  goto 89
	Call  goto 90
	Receiver  goto 91
	Constant  goto 92
	Super  goto 93
	Cases  goto 94


state 221
	DefaultStmt : DEFAULT ':' . Expr ';'  (100)
	Receiver : .  (45)

	NULL  shift 47
	THIS  shift 48
	NEW  shift 54
	READ_INTEGER  shift 56
	READ_LINE  shift 57
	LITERAL  shift 58
	INSTANCEOF  shift 59
	'-'  shift 60
	'!'  shift 61
	'('  shift 62
	CASE  shift 64
	SUPER  shift 67
	DCOPY  shift 68
	SCOPY  shift 69
	RE  shift 70
	IM  shift 71
	COMPCAST  shift 73
	IDENTIFIER  reduce 45

	LValue  goto 98
	Expr  goto 225
	Call  goto 100
	Receiver  goto 91
	Constant  goto 92
	Super  goto 93
	Cases  goto 94


state 222
	CaseStmt : Constant ':' . Expr ';'  (99)
	Receiver : .  (45)

	NULL  shift 47
	THIS  shift 48
	NEW  shift 54
	READ_INTEGER  shift 56
	READ_LINE  shift 57
	LITERAL  shift 58
	INSTANCEOF  shift 59
	'-'  shift 60
	'!'  shift 61
	'('  shift 62
	CASE  shift 64
	SUPER  shift 67
	DCOPY  shift 68
	SCOPY  shift 69
	RE  shift 70
	IM  shift 71
	COMPCAST  shift 73
	IDENTIFIER  reduce 45

	LValue  goto 98
	Expr  goto 226
	Call  goto 100
	Receiver  goto 91
	Constant  goto 92
	Super  goto 93
	Cases  goto 94


state 223
	Cases : CASE '(' Expr ')' '{' CaseStmtList DefaultStmt '}' .  (96)

	.  reduce 96


state 224
	ForStmt : FOR '(' SimpleStmt ';' Expr ';' SimpleStmt ')' Stmt .  (92)

	.  reduce 92


state 225
	Receiver : Expr . '.'  (44)
	LValue : Expr . '[' Expr ']'  (47)
	Expr : Expr . '+' Expr  (54)
	Expr : Expr . '-' Expr  (55)
	Expr : Expr . '*' Expr  (56)
	Expr : Expr . '/' Expr  (57)
	Expr : Expr . '%' Expr  (58)
	Expr : Expr . EQUAL Expr  (59)
	Expr : Expr . NOT_EQUAL Expr  (60)
	Expr : Expr . '<' Expr  (61)
	Expr : Expr . '>' Expr  (62)
	Expr : Expr . LESS_EQUAL Expr  (63)
	Expr : Expr . GREATER_EQUAL Expr  (64)
	Expr : Expr . AND Expr  (65)
	Expr : Expr . OR Expr  (66)
	Expr : Expr . DOUBLELEFT Expr  (77)
	Expr : Expr . '?' Expr ':' Expr  (78)
	DefaultStmt : DEFAULT ':' Expr . ';'  (100)

	AND  shift 126
	OR  shift 127
	LESS_EQUAL  shift 128
	GREATER_EQUAL  shift 129
	EQUAL  shift 130
	NOT_EQUAL  shift 131
	'+'  shift 132
	'-'  shift 133
	'*'  shift 134
	'/'  shift 135
	'%'  shift 136
	'>'  shift 137
	'<'  shift 138
	'.'  shift 139
	';'  shift 227
	'['  shift 140
	'?'  shift 141
	DOUBLELEFT  shift 142
	.  error


state 226
	Receiver : Expr . '.'  (44)
	LValue : Expr . '[' Expr ']'  (47)
	Expr : Expr . '+' Expr  (54)
	Expr : Expr . '-' Expr  (55)
	Expr : Expr . '*' Expr  (56)
	Expr : Expr . '/' Expr  (57)
	Expr : Expr . '%' Expr  (58)
	Expr : Expr . EQUAL Expr  (59)
	Expr : Expr . NOT_EQUAL Expr  (60)
	Expr : Expr . '<' Expr  (61)
	Expr : Expr . '>' Expr  (62)
	Expr : Expr . LESS_EQUAL Expr  (63)
	Expr : Expr . GREATER_EQUAL Expr  (64)
	Expr : Expr . AND Expr  (65)
	Expr : Expr . OR Expr  (66)
	Expr : Expr . DOUBLELEFT Expr  (77)
	Expr : Expr . '?' Expr ':' Expr  (78)
	CaseStmt : Constant ':' Expr . ';'  (99)

	AND  shift 126
	OR  shift 127
	LESS_EQUAL  shift 128
	GREATER_EQUAL  shift 129
	EQUAL  shift 130
	NOT_EQUAL  shift 131
	'+'  shift 132
	'-'  shift 133
	'*'  shift 134
	'/'  shift 135
	'%'  shift 136
	'>'  shift 137
	'<'  shift 138
	'.'  shift 139
	';'  shift 228
	'['  shift 140
	'?'  shift 141
	DOUBLELEFT  shift 142
	.  error


state 227
	DefaultStmt : DEFAULT ':' Expr ';' .  (100)

	.  reduce 100


state 228
	CaseStmt : Constant ':' Expr ';' .  (99)

	.  reduce 99


State 115 contains 17 shift/reduce conflicts.
State 116 contains 17 shift/reduce conflicts.
State 117 contains 17 shift/reduce conflicts.


69 terminals, 38 nonterminals
108 grammar rules, 229 states
